{"C:\\Users\\Nelson\\Desktop\\PROYECTOS\\BOOST A PROJECT\\Plataforma-inversion\\src\\frontend\\.babelrc.js": {"path":"C:\\Users\\Nelson\\Desktop\\PROYECTOS\\BOOST A PROJECT\\Plataforma-inversion\\src\\frontend\\.babelrc.js","statementMap":{"0":{"start":{"line":8,"column":0},"end":{"line":29,"column":2}}},"fnMap":{},"branchMap":{},"s":{"0":0},"f":{},"b":{}}
,"C:\\Users\\Nelson\\Desktop\\PROYECTOS\\BOOST A PROJECT\\Plataforma-inversion\\src\\frontend\\jest.config.ts": {"path":"C:\\Users\\Nelson\\Desktop\\PROYECTOS\\BOOST A PROJECT\\Plataforma-inversion\\src\\frontend\\jest.config.ts","statementMap":{"0":{"start":{"line":12,"column":23},"end":{"line":47,"column":1}}},"fnMap":{},"branchMap":{},"s":{"0":0},"f":{},"b":{}}
,"C:\\Users\\Nelson\\Desktop\\PROYECTOS\\BOOST A PROJECT\\Plataforma-inversion\\src\\frontend\\next.config.js": {"path":"C:\\Users\\Nelson\\Desktop\\PROYECTOS\\BOOST A PROJECT\\Plataforma-inversion\\src\\frontend\\next.config.js","statementMap":{"0":{"start":{"line":13,"column":19},"end":{"line":51,"column":1}},"1":{"start":{"line":44,"column":4},"end":{"line":49,"column":6}},"2":{"start":{"line":53,"column":0},"end":{"line":53,"column":28}}},"fnMap":{"0":{"name":"(anonymous_0)","decl":{"start":{"line":43,"column":2},"end":{"line":43,"column":3}},"loc":{"start":{"line":43,"column":19},"end":{"line":50,"column":3}},"line":43}},"branchMap":{"0":{"loc":{"start":{"line":26,"column":6},"end":{"line":28,"column":37}},"type":"cond-expr","locations":[{"start":{"line":27,"column":10},"end":{"line":27,"column":35}},{"start":{"line":28,"column":10},"end":{"line":28,"column":37}}],"line":26}},"s":{"0":0,"1":0,"2":0},"f":{"0":0},"b":{"0":[0,0]}}
,"C:\\Users\\Nelson\\Desktop\\PROYECTOS\\BOOST A PROJECT\\Plataforma-inversion\\src\\frontend\\postcss.config.js": {"path":"C:\\Users\\Nelson\\Desktop\\PROYECTOS\\BOOST A PROJECT\\Plataforma-inversion\\src\\frontend\\postcss.config.js","statementMap":{"0":{"start":{"line":1,"column":0},"end":{"line":6,"column":1}}},"fnMap":{},"branchMap":{},"s":{"0":0},"f":{},"b":{}}
,"C:\\Users\\Nelson\\Desktop\\PROYECTOS\\BOOST A PROJECT\\Plataforma-inversion\\src\\frontend\\tailwind.config.js": {"path":"C:\\Users\\Nelson\\Desktop\\PROYECTOS\\BOOST A PROJECT\\Plataforma-inversion\\src\\frontend\\tailwind.config.js","statementMap":{"0":{"start":{"line":2,"column":0},"end":{"line":84,"column":2}}},"fnMap":{},"branchMap":{},"s":{"0":0},"f":{},"b":{}}
,"C:\\Users\\Nelson\\Desktop\\PROYECTOS\\BOOST A PROJECT\\Plataforma-inversion\\src\\frontend\\__tests__\\utils\\test-utils.tsx": {"path":"C:\\Users\\Nelson\\Desktop\\PROYECTOS\\BOOST A PROJECT\\Plataforma-inversion\\src\\frontend\\__tests__\\utils\\test-utils.tsx","statementMap":{"0":{"start":{"line":14,"column":18},"end":{"line":20,"column":1}},"1":{"start":{"line":15,"column":4},"end":{"line":19,"column":6}},"2":{"start":{"line":23,"column":21},"end":{"line":26,"column":51}},"3":{"start":{"line":26,"column":5},"end":{"line":26,"column":51}}},"fnMap":{"0":{"name":"(anonymous_0)","decl":{"start":{"line":14,"column":18},"end":{"line":14,"column":19}},"loc":{"start":{"line":14,"column":67},"end":{"line":20,"column":1}},"line":14},"1":{"name":"(anonymous_1)","decl":{"start":{"line":23,"column":21},"end":{"line":23,"column":22}},"loc":{"start":{"line":26,"column":5},"end":{"line":26,"column":51}},"line":26}},"branchMap":{},"s":{"0":17,"1":48,"2":17,"3":48},"f":{"0":48,"1":48},"b":{},"_coverageSchema":"1a1c01bbd47fc00a2c39e90264f33305004495a9","hash":"f7510f9b1fa0d8543d5d0b72a10cc00b01cfcc95"}
,"C:\\Users\\Nelson\\Desktop\\PROYECTOS\\BOOST A PROJECT\\Plataforma-inversion\\src\\frontend\\app\\layout.tsx": {"path":"C:\\Users\\Nelson\\Desktop\\PROYECTOS\\BOOST A PROJECT\\Plataforma-inversion\\src\\frontend\\app\\layout.tsx","statementMap":{"0":{"start":{"line":10,"column":18},"end":{"line":13,"column":2}},"1":{"start":{"line":15,"column":18},"end":{"line":18,"column":2}},"2":{"start":{"line":20,"column":34},"end":{"line":27,"column":1}},"3":{"start":{"line":34,"column":2},"end":{"line":49,"column":4}}},"fnMap":{"0":{"name":"RootLayout","decl":{"start":{"line":29,"column":24},"end":{"line":29,"column":34}},"loc":{"start":{"line":33,"column":4},"end":{"line":50,"column":1}},"line":33}},"branchMap":{},"s":{"0":0,"1":0,"2":0,"3":0},"f":{"0":0},"b":{}}
,"C:\\Users\\Nelson\\Desktop\\PROYECTOS\\BOOST A PROJECT\\Plataforma-inversion\\src\\frontend\\app\\page.tsx": {"path":"C:\\Users\\Nelson\\Desktop\\PROYECTOS\\BOOST A PROJECT\\Plataforma-inversion\\src\\frontend\\app\\page.tsx","statementMap":{"0":{"start":{"line":11,"column":2},"end":{"line":21,"column":4}}},"fnMap":{"0":{"name":"Home","decl":{"start":{"line":10,"column":24},"end":{"line":10,"column":28}},"loc":{"start":{"line":10,"column":31},"end":{"line":22,"column":1}},"line":10}},"branchMap":{},"s":{"0":0},"f":{"0":0},"b":{}}
,"C:\\Users\\Nelson\\Desktop\\PROYECTOS\\BOOST A PROJECT\\Plataforma-inversion\\src\\frontend\\app\\(auth)\\login\\page.tsx": {"path":"C:\\Users\\Nelson\\Desktop\\PROYECTOS\\BOOST A PROJECT\\Plataforma-inversion\\src\\frontend\\app\\(auth)\\login\\page.tsx","statementMap":{"0":{"start":{"line":12,"column":34},"end":{"line":15,"column":1}},"1":{"start":{"line":18,"column":2},"end":{"line":67,"column":4}}},"fnMap":{"0":{"name":"LoginPage","decl":{"start":{"line":17,"column":24},"end":{"line":17,"column":33}},"loc":{"start":{"line":17,"column":36},"end":{"line":68,"column":1}},"line":17}},"branchMap":{},"s":{"0":0,"1":0},"f":{"0":0},"b":{}}
,"C:\\Users\\Nelson\\Desktop\\PROYECTOS\\BOOST A PROJECT\\Plataforma-inversion\\src\\frontend\\app\\(auth)\\signup\\page.tsx": {"path":"C:\\Users\\Nelson\\Desktop\\PROYECTOS\\BOOST A PROJECT\\Plataforma-inversion\\src\\frontend\\app\\(auth)\\signup\\page.tsx","statementMap":{"0":{"start":{"line":6,"column":34},"end":{"line":9,"column":1}},"1":{"start":{"line":12,"column":2},"end":{"line":49,"column":4}}},"fnMap":{"0":{"name":"SignupPage","decl":{"start":{"line":11,"column":24},"end":{"line":11,"column":34}},"loc":{"start":{"line":11,"column":37},"end":{"line":50,"column":1}},"line":11}},"branchMap":{},"s":{"0":0,"1":0},"f":{"0":0},"b":{}}
,"C:\\Users\\Nelson\\Desktop\\PROYECTOS\\BOOST A PROJECT\\Plataforma-inversion\\src\\frontend\\app\\(user_private)\\layout.tsx": {"path":"C:\\Users\\Nelson\\Desktop\\PROYECTOS\\BOOST A PROJECT\\Plataforma-inversion\\src\\frontend\\app\\(user_private)\\layout.tsx","statementMap":{"0":{"start":{"line":10,"column":34},"end":{"line":13,"column":1}},"1":{"start":{"line":20,"column":4},"end":{"line":25,"column":6}}},"fnMap":{"0":{"name":"PerfilLayout","decl":{"start":{"line":15,"column":24},"end":{"line":15,"column":36}},"loc":{"start":{"line":19,"column":3},"end":{"line":26,"column":1}},"line":19}},"branchMap":{},"s":{"0":0,"1":0},"f":{"0":0},"b":{}}
,"C:\\Users\\Nelson\\Desktop\\PROYECTOS\\BOOST A PROJECT\\Plataforma-inversion\\src\\frontend\\app\\(user_private)\\dashboard\\page.tsx": {"path":"C:\\Users\\Nelson\\Desktop\\PROYECTOS\\BOOST A PROJECT\\Plataforma-inversion\\src\\frontend\\app\\(user_private)\\dashboard\\page.tsx","statementMap":{"0":{"start":{"line":12,"column":32},"end":{"line":60,"column":1}},"1":{"start":{"line":13,"column":20},"end":{"line":29,"column":3}},"2":{"start":{"line":31,"column":2},"end":{"line":59,"column":4}},"3":{"start":{"line":45,"column":12},"end":{"line":54,"column":18}}},"fnMap":{"0":{"name":"(anonymous_0)","decl":{"start":{"line":12,"column":32},"end":{"line":12,"column":33}},"loc":{"start":{"line":12,"column":38},"end":{"line":60,"column":1}},"line":12},"1":{"name":"(anonymous_1)","decl":{"start":{"line":44,"column":25},"end":{"line":44,"column":26}},"loc":{"start":{"line":45,"column":12},"end":{"line":54,"column":18}},"line":45}},"branchMap":{},"s":{"0":0,"1":0,"2":0,"3":0},"f":{"0":0,"1":0},"b":{}}
,"C:\\Users\\Nelson\\Desktop\\PROYECTOS\\BOOST A PROJECT\\Plataforma-inversion\\src\\frontend\\app\\(user_private)\\perfil\\layout.tsx": {"path":"C:\\Users\\Nelson\\Desktop\\PROYECTOS\\BOOST A PROJECT\\Plataforma-inversion\\src\\frontend\\app\\(user_private)\\perfil\\layout.tsx","statementMap":{"0":{"start":{"line":8,"column":34},"end":{"line":11,"column":1}},"1":{"start":{"line":18,"column":4},"end":{"line":18,"column":27}}},"fnMap":{"0":{"name":"PerfilLayout","decl":{"start":{"line":13,"column":24},"end":{"line":13,"column":36}},"loc":{"start":{"line":17,"column":3},"end":{"line":19,"column":1}},"line":17}},"branchMap":{},"s":{"0":0,"1":0},"f":{"0":0},"b":{}}
,"C:\\Users\\Nelson\\Desktop\\PROYECTOS\\BOOST A PROJECT\\Plataforma-inversion\\src\\frontend\\app\\(user_private)\\perfil\\page.tsx": {"path":"C:\\Users\\Nelson\\Desktop\\PROYECTOS\\BOOST A PROJECT\\Plataforma-inversion\\src\\frontend\\app\\(user_private)\\perfil\\page.tsx","statementMap":{"0":{"start":{"line":13,"column":34},"end":{"line":16,"column":1}},"1":{"start":{"line":19,"column":4},"end":{"line":25,"column":6}}},"fnMap":{"0":{"name":"PerfilPage","decl":{"start":{"line":18,"column":24},"end":{"line":18,"column":34}},"loc":{"start":{"line":18,"column":37},"end":{"line":26,"column":1}},"line":18}},"branchMap":{},"s":{"0":0,"1":0},"f":{"0":0},"b":{}}
,"C:\\Users\\Nelson\\Desktop\\PROYECTOS\\BOOST A PROJECT\\Plataforma-inversion\\src\\frontend\\app\\admin\\layout.tsx": {"path":"C:\\Users\\Nelson\\Desktop\\PROYECTOS\\BOOST A PROJECT\\Plataforma-inversion\\src\\frontend\\app\\admin\\layout.tsx","statementMap":{"0":{"start":{"line":19,"column":21},"end":{"line":19,"column":34}},"1":{"start":{"line":22,"column":26},"end":{"line":22,"column":53}},"2":{"start":{"line":23,"column":29},"end":{"line":23,"column":61}},"3":{"start":{"line":25,"column":4},"end":{"line":31,"column":6}}},"fnMap":{"0":{"name":"AdminLayout","decl":{"start":{"line":14,"column":24},"end":{"line":14,"column":35}},"loc":{"start":{"line":18,"column":3},"end":{"line":32,"column":1}},"line":18}},"branchMap":{"0":{"loc":{"start":{"line":27,"column":13},"end":{"line":27,"column":43}},"type":"binary-expr","locations":[{"start":{"line":27,"column":13},"end":{"line":27,"column":29}},{"start":{"line":27,"column":33},"end":{"line":27,"column":43}}],"line":27},"1":{"loc":{"start":{"line":29,"column":13},"end":{"line":29,"column":43}},"type":"binary-expr","locations":[{"start":{"line":29,"column":13},"end":{"line":29,"column":29}},{"start":{"line":29,"column":33},"end":{"line":29,"column":43}}],"line":29}},"s":{"0":0,"1":0,"2":0,"3":0},"f":{"0":0},"b":{"0":[0,0],"1":[0,0]}}
,"C:\\Users\\Nelson\\Desktop\\PROYECTOS\\BOOST A PROJECT\\Plataforma-inversion\\src\\frontend\\app\\admin\\page.tsx": {"path":"C:\\Users\\Nelson\\Desktop\\PROYECTOS\\BOOST A PROJECT\\Plataforma-inversion\\src\\frontend\\app\\admin\\page.tsx","statementMap":{"0":{"start":{"line":17,"column":37},"end":{"line":68,"column":1}},"1":{"start":{"line":18,"column":36},"end":{"line":18,"column":45}},"2":{"start":{"line":19,"column":17},"end":{"line":19,"column":28}},"3":{"start":{"line":21,"column":2},"end":{"line":25,"column":38}},"4":{"start":{"line":22,"column":4},"end":{"line":24,"column":5}},"5":{"start":{"line":23,"column":6},"end":{"line":23,"column":26}},"6":{"start":{"line":27,"column":2},"end":{"line":27,"column":55}},"7":{"start":{"line":27,"column":43},"end":{"line":27,"column":55}},"8":{"start":{"line":29,"column":2},"end":{"line":67,"column":4}}},"fnMap":{"0":{"name":"(anonymous_0)","decl":{"start":{"line":17,"column":37},"end":{"line":17,"column":38}},"loc":{"start":{"line":17,"column":43},"end":{"line":68,"column":1}},"line":17},"1":{"name":"(anonymous_1)","decl":{"start":{"line":21,"column":12},"end":{"line":21,"column":13}},"loc":{"start":{"line":21,"column":18},"end":{"line":25,"column":3}},"line":21}},"branchMap":{"0":{"loc":{"start":{"line":22,"column":4},"end":{"line":24,"column":5}},"type":"if","locations":[{"start":{"line":22,"column":4},"end":{"line":24,"column":5}},{"start":{},"end":{}}],"line":22},"1":{"loc":{"start":{"line":22,"column":8},"end":{"line":22,"column":43}},"type":"binary-expr","locations":[{"start":{"line":22,"column":8},"end":{"line":22,"column":24}},{"start":{"line":22,"column":28},"end":{"line":22,"column":43}}],"line":22},"2":{"loc":{"start":{"line":27,"column":2},"end":{"line":27,"column":55}},"type":"if","locations":[{"start":{"line":27,"column":2},"end":{"line":27,"column":55}},{"start":{},"end":{}}],"line":27},"3":{"loc":{"start":{"line":27,"column":6},"end":{"line":27,"column":41}},"type":"binary-expr","locations":[{"start":{"line":27,"column":6},"end":{"line":27,"column":22}},{"start":{"line":27,"column":26},"end":{"line":27,"column":41}}],"line":27}},"s":{"0":0,"1":0,"2":0,"3":0,"4":0,"5":0,"6":0,"7":0,"8":0},"f":{"0":0,"1":0},"b":{"0":[0,0],"1":[0,0],"2":[0,0],"3":[0,0]}}
,"C:\\Users\\Nelson\\Desktop\\PROYECTOS\\BOOST A PROJECT\\Plataforma-inversion\\src\\frontend\\app\\admin\\blog\\page.tsx": {"path":"C:\\Users\\Nelson\\Desktop\\PROYECTOS\\BOOST A PROJECT\\Plataforma-inversion\\src\\frontend\\app\\admin\\blog\\page.tsx","statementMap":{"0":{"start":{"line":18,"column":32},"end":{"line":95,"column":1}},"1":{"start":{"line":19,"column":34},"end":{"line":19,"column":57}},"2":{"start":{"line":20,"column":36},"end":{"line":20,"column":50}},"3":{"start":{"line":22,"column":2},"end":{"line":35,"column":9}},"4":{"start":{"line":23,"column":26},"end":{"line":32,"column":5}},"5":{"start":{"line":24,"column":6},"end":{"line":31,"column":7}},"6":{"start":{"line":25,"column":25},"end":{"line":25,"column":58}},"7":{"start":{"line":26,"column":8},"end":{"line":26,"column":39}},"8":{"start":{"line":28,"column":8},"end":{"line":28,"column":56}},"9":{"start":{"line":30,"column":8},"end":{"line":30,"column":28}},"10":{"start":{"line":34,"column":4},"end":{"line":34,"column":20}},"11":{"start":{"line":37,"column":23},"end":{"line":47,"column":3}},"12":{"start":{"line":38,"column":26},"end":{"line":38,"column":88}},"13":{"start":{"line":39,"column":4},"end":{"line":39,"column":31}},"14":{"start":{"line":39,"column":24},"end":{"line":39,"column":31}},"15":{"start":{"line":41,"column":4},"end":{"line":46,"column":5}},"16":{"start":{"line":42,"column":6},"end":{"line":42,"column":38}},"17":{"start":{"line":43,"column":6},"end":{"line":43,"column":77}},"18":{"start":{"line":43,"column":28},"end":{"line":43,"column":75}},"19":{"start":{"line":43,"column":53},"end":{"line":43,"column":74}},"20":{"start":{"line":45,"column":6},"end":{"line":45,"column":55}},"21":{"start":{"line":49,"column":2},"end":{"line":94,"column":4}},"22":{"start":{"line":81,"column":12},"end":{"line":89,"column":14}}},"fnMap":{"0":{"name":"(anonymous_0)","decl":{"start":{"line":18,"column":32},"end":{"line":18,"column":33}},"loc":{"start":{"line":18,"column":38},"end":{"line":95,"column":1}},"line":18},"1":{"name":"(anonymous_1)","decl":{"start":{"line":22,"column":12},"end":{"line":22,"column":13}},"loc":{"start":{"line":22,"column":18},"end":{"line":35,"column":3}},"line":22},"2":{"name":"(anonymous_2)","decl":{"start":{"line":23,"column":26},"end":{"line":23,"column":27}},"loc":{"start":{"line":23,"column":38},"end":{"line":32,"column":5}},"line":23},"3":{"name":"(anonymous_3)","decl":{"start":{"line":37,"column":23},"end":{"line":37,"column":24}},"loc":{"start":{"line":37,"column":47},"end":{"line":47,"column":3}},"line":37},"4":{"name":"(anonymous_4)","decl":{"start":{"line":43,"column":18},"end":{"line":43,"column":19}},"loc":{"start":{"line":43,"column":28},"end":{"line":43,"column":75}},"line":43},"5":{"name":"(anonymous_5)","decl":{"start":{"line":43,"column":40},"end":{"line":43,"column":41}},"loc":{"start":{"line":43,"column":53},"end":{"line":43,"column":74}},"line":43},"6":{"name":"(anonymous_6)","decl":{"start":{"line":80,"column":24},"end":{"line":80,"column":25}},"loc":{"start":{"line":81,"column":12},"end":{"line":89,"column":14}},"line":81}},"branchMap":{"0":{"loc":{"start":{"line":39,"column":4},"end":{"line":39,"column":31}},"type":"if","locations":[{"start":{"line":39,"column":4},"end":{"line":39,"column":31}},{"start":{},"end":{}}],"line":39},"1":{"loc":{"start":{"line":69,"column":7},"end":{"line":92,"column":7}},"type":"cond-expr","locations":[{"start":{"line":70,"column":8},"end":{"line":70,"column":75}},{"start":{"line":71,"column":10},"end":{"line":92,"column":7}}],"line":69},"2":{"loc":{"start":{"line":71,"column":10},"end":{"line":92,"column":7}},"type":"cond-expr","locations":[{"start":{"line":72,"column":8},"end":{"line":77,"column":14}},{"start":{"line":79,"column":8},"end":{"line":91,"column":14}}],"line":71}},"s":{"0":0,"1":0,"2":0,"3":0,"4":0,"5":0,"6":0,"7":0,"8":0,"9":0,"10":0,"11":0,"12":0,"13":0,"14":0,"15":0,"16":0,"17":0,"18":0,"19":0,"20":0,"21":0,"22":0},"f":{"0":0,"1":0,"2":0,"3":0,"4":0,"5":0,"6":0},"b":{"0":[0,0],"1":[0,0],"2":[0,0]}}
,"C:\\Users\\Nelson\\Desktop\\PROYECTOS\\BOOST A PROJECT\\Plataforma-inversion\\src\\frontend\\app\\admin\\blog\\editar\\[slug]\\layout.tsx": {"path":"C:\\Users\\Nelson\\Desktop\\PROYECTOS\\BOOST A PROJECT\\Plataforma-inversion\\src\\frontend\\app\\admin\\blog\\editar\\[slug]\\layout.tsx","statementMap":{"0":{"start":{"line":4,"column":24},"end":{"line":13,"column":1}},"1":{"start":{"line":23,"column":4},"end":{"line":23,"column":26}}},"fnMap":{"0":{"name":"EditArticleLayout","decl":{"start":{"line":22,"column":24},"end":{"line":22,"column":41}},"loc":{"start":{"line":22,"column":80},"end":{"line":24,"column":1}},"line":22}},"branchMap":{},"s":{"0":0,"1":0},"f":{"0":0},"b":{}}
,"C:\\Users\\Nelson\\Desktop\\PROYECTOS\\BOOST A PROJECT\\Plataforma-inversion\\src\\frontend\\app\\admin\\blog\\editar\\[slug]\\page.tsx": {"path":"C:\\Users\\Nelson\\Desktop\\PROYECTOS\\BOOST A PROJECT\\Plataforma-inversion\\src\\frontend\\app\\admin\\blog\\editar\\[slug]\\page.tsx","statementMap":{"0":{"start":{"line":23,"column":42},"end":{"line":23,"column":56}},"1":{"start":{"line":24,"column":38},"end":{"line":24,"column":52}},"2":{"start":{"line":25,"column":19},"end":{"line":25,"column":30}},"3":{"start":{"line":26,"column":21},"end":{"line":26,"column":32}},"4":{"start":{"line":28,"column":22},"end":{"line":28,"column":58}},"5":{"start":{"line":30,"column":4},"end":{"line":45,"column":19}},"6":{"start":{"line":31,"column":8},"end":{"line":44,"column":9}},"7":{"start":{"line":32,"column":33},"end":{"line":41,"column":13}},"8":{"start":{"line":33,"column":16},"end":{"line":40,"column":17}},"9":{"start":{"line":34,"column":36},"end":{"line":34,"column":69}},"10":{"start":{"line":35,"column":20},"end":{"line":35,"column":43}},"11":{"start":{"line":37,"column":20},"end":{"line":37,"column":73}},"12":{"start":{"line":39,"column":20},"end":{"line":39,"column":39}},"13":{"start":{"line":43,"column":12},"end":{"line":43,"column":26}},"14":{"start":{"line":47,"column":25},"end":{"line":56,"column":5}},"15":{"start":{"line":48,"column":8},"end":{"line":55,"column":9}},"16":{"start":{"line":49,"column":12},"end":{"line":49,"column":61}},"17":{"start":{"line":50,"column":12},"end":{"line":50,"column":55}},"18":{"start":{"line":51,"column":12},"end":{"line":51,"column":38}},"19":{"start":{"line":53,"column":12},"end":{"line":53,"column":68}},"20":{"start":{"line":54,"column":12},"end":{"line":54,"column":84}},"21":{"start":{"line":58,"column":4},"end":{"line":73,"column":5}},"22":{"start":{"line":62,"column":67},"end":{"line":62,"column":93}}},"fnMap":{"0":{"name":"EditArticlePage","decl":{"start":{"line":22,"column":24},"end":{"line":22,"column":39}},"loc":{"start":{"line":22,"column":42},"end":{"line":74,"column":1}},"line":22},"1":{"name":"(anonymous_1)","decl":{"start":{"line":30,"column":14},"end":{"line":30,"column":15}},"loc":{"start":{"line":30,"column":20},"end":{"line":45,"column":5}},"line":30},"2":{"name":"(anonymous_2)","decl":{"start":{"line":32,"column":33},"end":{"line":32,"column":34}},"loc":{"start":{"line":32,"column":45},"end":{"line":41,"column":13}},"line":32},"3":{"name":"(anonymous_3)","decl":{"start":{"line":47,"column":25},"end":{"line":47,"column":26}},"loc":{"start":{"line":47,"column":53},"end":{"line":56,"column":5}},"line":47},"4":{"name":"(anonymous_4)","decl":{"start":{"line":62,"column":61},"end":{"line":62,"column":62}},"loc":{"start":{"line":62,"column":67},"end":{"line":62,"column":93}},"line":62}},"branchMap":{"0":{"loc":{"start":{"line":28,"column":22},"end":{"line":28,"column":58}},"type":"cond-expr","locations":[{"start":{"line":28,"column":44},"end":{"line":28,"column":51}},{"start":{"line":28,"column":54},"end":{"line":28,"column":58}}],"line":28},"1":{"loc":{"start":{"line":31,"column":8},"end":{"line":44,"column":9}},"type":"if","locations":[{"start":{"line":31,"column":8},"end":{"line":44,"column":9}},{"start":{},"end":{}}],"line":31},"2":{"loc":{"start":{"line":67,"column":13},"end":{"line":71,"column":13}},"type":"cond-expr","locations":[{"start":{"line":68,"column":16},"end":{"line":68,"column":34}},{"start":{"line":70,"column":16},"end":{"line":70,"column":100}}],"line":67},"3":{"loc":{"start":{"line":70,"column":16},"end":{"line":70,"column":100}},"type":"binary-expr","locations":[{"start":{"line":70,"column":16},"end":{"line":70,"column":27}},{"start":{"line":70,"column":31},"end":{"line":70,"column":100}}],"line":70}},"s":{"0":0,"1":0,"2":0,"3":0,"4":0,"5":0,"6":0,"7":0,"8":0,"9":0,"10":0,"11":0,"12":0,"13":0,"14":0,"15":0,"16":0,"17":0,"18":0,"19":0,"20":0,"21":0,"22":0},"f":{"0":0,"1":0,"2":0,"3":0,"4":0},"b":{"0":[0,0],"1":[0,0],"2":[0,0],"3":[0,0]}}
,"C:\\Users\\Nelson\\Desktop\\PROYECTOS\\BOOST A PROJECT\\Plataforma-inversion\\src\\frontend\\app\\admin\\blog\\new-article\\NewArticle.tsx": {"path":"C:\\Users\\Nelson\\Desktop\\PROYECTOS\\BOOST A PROJECT\\Plataforma-inversion\\src\\frontend\\app\\admin\\blog\\new-article\\NewArticle.tsx","statementMap":{"0":{"start":{"line":18,"column":19},"end":{"line":49,"column":1}},"1":{"start":{"line":19,"column":38},"end":{"line":19,"column":53}},"2":{"start":{"line":21,"column":23},"end":{"line":33,"column":3}},"3":{"start":{"line":22,"column":4},"end":{"line":32,"column":5}},"4":{"start":{"line":23,"column":6},"end":{"line":27,"column":7}},"5":{"start":{"line":24,"column":8},"end":{"line":24,"column":64}},"6":{"start":{"line":26,"column":8},"end":{"line":26,"column":40}},"7":{"start":{"line":28,"column":6},"end":{"line":28,"column":96}},"8":{"start":{"line":30,"column":6},"end":{"line":30,"column":56}},"9":{"start":{"line":31,"column":6},"end":{"line":31,"column":92}},"10":{"start":{"line":35,"column":2},"end":{"line":48,"column":3}}},"fnMap":{"0":{"name":"(anonymous_0)","decl":{"start":{"line":18,"column":19},"end":{"line":18,"column":20}},"loc":{"start":{"line":18,"column":25},"end":{"line":49,"column":1}},"line":18},"1":{"name":"(anonymous_1)","decl":{"start":{"line":21,"column":23},"end":{"line":21,"column":24}},"loc":{"start":{"line":21,"column":51},"end":{"line":33,"column":3}},"line":21}},"branchMap":{"0":{"loc":{"start":{"line":23,"column":6},"end":{"line":27,"column":7}},"type":"if","locations":[{"start":{"line":23,"column":6},"end":{"line":27,"column":7}},{"start":{"line":25,"column":13},"end":{"line":27,"column":7}}],"line":23},"1":{"loc":{"start":{"line":28,"column":12},"end":{"line":28,"column":95}},"type":"cond-expr","locations":[{"start":{"line":28,"column":25},"end":{"line":28,"column":61}},{"start":{"line":28,"column":64},"end":{"line":28,"column":95}}],"line":28},"2":{"loc":{"start":{"line":31,"column":24},"end":{"line":31,"column":59}},"type":"cond-expr","locations":[{"start":{"line":31,"column":37},"end":{"line":31,"column":49}},{"start":{"line":31,"column":52},"end":{"line":31,"column":59}}],"line":31}},"s":{"0":0,"1":0,"2":0,"3":0,"4":0,"5":0,"6":0,"7":0,"8":0,"9":0,"10":0},"f":{"0":0,"1":0},"b":{"0":[0,0],"1":[0,0],"2":[0,0]}}
,"C:\\Users\\Nelson\\Desktop\\PROYECTOS\\BOOST A PROJECT\\Plataforma-inversion\\src\\frontend\\app\\admin\\blog\\new-article\\page.tsx": {"path":"C:\\Users\\Nelson\\Desktop\\PROYECTOS\\BOOST A PROJECT\\Plataforma-inversion\\src\\frontend\\app\\admin\\blog\\new-article\\page.tsx","statementMap":{"0":{"start":{"line":4,"column":34},"end":{"line":7,"column":1}},"1":{"start":{"line":10,"column":2},"end":{"line":10,"column":24}}},"fnMap":{"0":{"name":"Page","decl":{"start":{"line":9,"column":24},"end":{"line":9,"column":28}},"loc":{"start":{"line":9,"column":31},"end":{"line":11,"column":1}},"line":9}},"branchMap":{},"s":{"0":0,"1":0},"f":{"0":0},"b":{}}
,"C:\\Users\\Nelson\\Desktop\\PROYECTOS\\BOOST A PROJECT\\Plataforma-inversion\\src\\frontend\\app\\admin\\perfil\\layout.tsx": {"path":"C:\\Users\\Nelson\\Desktop\\PROYECTOS\\BOOST A PROJECT\\Plataforma-inversion\\src\\frontend\\app\\admin\\perfil\\layout.tsx","statementMap":{"0":{"start":{"line":9,"column":34},"end":{"line":12,"column":1}},"1":{"start":{"line":19,"column":4},"end":{"line":19,"column":27}}},"fnMap":{"0":{"name":"AdminPerfilLayout","decl":{"start":{"line":14,"column":24},"end":{"line":14,"column":41}},"loc":{"start":{"line":18,"column":3},"end":{"line":20,"column":1}},"line":18}},"branchMap":{},"s":{"0":0,"1":0},"f":{"0":0},"b":{}}
,"C:\\Users\\Nelson\\Desktop\\PROYECTOS\\BOOST A PROJECT\\Plataforma-inversion\\src\\frontend\\app\\admin\\perfil\\page.tsx": {"path":"C:\\Users\\Nelson\\Desktop\\PROYECTOS\\BOOST A PROJECT\\Plataforma-inversion\\src\\frontend\\app\\admin\\perfil\\page.tsx","statementMap":{"0":{"start":{"line":14,"column":34},"end":{"line":18,"column":1}},"1":{"start":{"line":21,"column":4},"end":{"line":28,"column":6}}},"fnMap":{"0":{"name":"AdminPerfilPage","decl":{"start":{"line":20,"column":24},"end":{"line":20,"column":39}},"loc":{"start":{"line":20,"column":42},"end":{"line":29,"column":1}},"line":20}},"branchMap":{},"s":{"0":0,"1":0},"f":{"0":0},"b":{}}
,"C:\\Users\\Nelson\\Desktop\\PROYECTOS\\BOOST A PROJECT\\Plataforma-inversion\\src\\frontend\\app\\blog\\layout.tsx": {"path":"C:\\Users\\Nelson\\Desktop\\PROYECTOS\\BOOST A PROJECT\\Plataforma-inversion\\src\\frontend\\app\\blog\\layout.tsx","statementMap":{"0":{"start":{"line":4,"column":34},"end":{"line":24,"column":1}},"1":{"start":{"line":31,"column":4},"end":{"line":35,"column":6}}},"fnMap":{"0":{"name":"BlogLayout","decl":{"start":{"line":26,"column":24},"end":{"line":26,"column":34}},"loc":{"start":{"line":30,"column":3},"end":{"line":36,"column":1}},"line":30}},"branchMap":{"0":{"loc":{"start":{"line":5,"column":26},"end":{"line":5,"column":85}},"type":"binary-expr","locations":[{"start":{"line":5,"column":26},"end":{"line":5,"column":58}},{"start":{"line":5,"column":62},"end":{"line":5,"column":85}}],"line":5}},"s":{"0":0,"1":0},"f":{"0":0},"b":{"0":[0,0]}}
,"C:\\Users\\Nelson\\Desktop\\PROYECTOS\\BOOST A PROJECT\\Plataforma-inversion\\src\\frontend\\app\\blog\\page.tsx": {"path":"C:\\Users\\Nelson\\Desktop\\PROYECTOS\\BOOST A PROJECT\\Plataforma-inversion\\src\\frontend\\app\\blog\\page.tsx","statementMap":{"0":{"start":{"line":19,"column":27},"end":{"line":107,"column":1}},"1":{"start":{"line":20,"column":34},"end":{"line":20,"column":57}},"2":{"start":{"line":21,"column":36},"end":{"line":21,"column":50}},"3":{"start":{"line":22,"column":26},"end":{"line":22,"column":37}},"4":{"start":{"line":23,"column":38},"end":{"line":23,"column":49}},"5":{"start":{"line":25,"column":27},"end":{"line":27,"column":3}},"6":{"start":{"line":26,"column":4},"end":{"line":26,"column":21}},"7":{"start":{"line":29,"column":2},"end":{"line":44,"column":13}},"8":{"start":{"line":30,"column":26},"end":{"line":41,"column":5}},"9":{"start":{"line":31,"column":6},"end":{"line":31,"column":25}},"10":{"start":{"line":32,"column":6},"end":{"line":40,"column":7}},"11":{"start":{"line":33,"column":25},"end":{"line":33,"column":63}},"12":{"start":{"line":34,"column":8},"end":{"line":34,"column":39}},"13":{"start":{"line":35,"column":8},"end":{"line":35,"column":44}},"14":{"start":{"line":37,"column":8},"end":{"line":37,"column":57}},"15":{"start":{"line":39,"column":8},"end":{"line":39,"column":28}},"16":{"start":{"line":43,"column":4},"end":{"line":43,"column":20}},"17":{"start":{"line":46,"column":2},"end":{"line":58,"column":3}},"18":{"start":{"line":47,"column":4},"end":{"line":57,"column":6}},"19":{"start":{"line":60,"column":2},"end":{"line":106,"column":4}},"20":{"start":{"line":79,"column":16},"end":{"line":79,"column":70}},"21":{"start":{"line":87,"column":33},"end":{"line":87,"column":59}},"22":{"start":{"line":95,"column":33},"end":{"line":95,"column":59}}},"fnMap":{"0":{"name":"(anonymous_0)","decl":{"start":{"line":19,"column":27},"end":{"line":19,"column":28}},"loc":{"start":{"line":19,"column":33},"end":{"line":107,"column":1}},"line":19},"1":{"name":"(anonymous_1)","decl":{"start":{"line":25,"column":27},"end":{"line":25,"column":28}},"loc":{"start":{"line":25,"column":48},"end":{"line":27,"column":3}},"line":25},"2":{"name":"(anonymous_2)","decl":{"start":{"line":29,"column":12},"end":{"line":29,"column":13}},"loc":{"start":{"line":29,"column":18},"end":{"line":44,"column":3}},"line":29},"3":{"name":"(anonymous_3)","decl":{"start":{"line":30,"column":26},"end":{"line":30,"column":27}},"loc":{"start":{"line":30,"column":38},"end":{"line":41,"column":5}},"line":30},"4":{"name":"(anonymous_4)","decl":{"start":{"line":78,"column":28},"end":{"line":78,"column":29}},"loc":{"start":{"line":79,"column":16},"end":{"line":79,"column":70}},"line":79},"5":{"name":"(anonymous_5)","decl":{"start":{"line":87,"column":27},"end":{"line":87,"column":28}},"loc":{"start":{"line":87,"column":33},"end":{"line":87,"column":59}},"line":87},"6":{"name":"(anonymous_6)","decl":{"start":{"line":95,"column":27},"end":{"line":95,"column":28}},"loc":{"start":{"line":95,"column":33},"end":{"line":95,"column":59}},"line":95}},"branchMap":{"0":{"loc":{"start":{"line":46,"column":2},"end":{"line":58,"column":3}},"type":"if","locations":[{"start":{"line":46,"column":2},"end":{"line":58,"column":3}},{"start":{},"end":{}}],"line":46},"1":{"loc":{"start":{"line":70,"column":9},"end":{"line":103,"column":9}},"type":"cond-expr","locations":[{"start":{"line":71,"column":10},"end":{"line":74,"column":16}},{"start":{"line":76,"column":10},"end":{"line":102,"column":13}}],"line":70},"2":{"loc":{"start":{"line":85,"column":15},"end":{"line":92,"column":15}},"type":"binary-expr","locations":[{"start":{"line":85,"column":15},"end":{"line":85,"column":23}},{"start":{"line":86,"column":16},"end":{"line":91,"column":25}}],"line":85},"3":{"loc":{"start":{"line":93,"column":15},"end":{"line":100,"column":15}},"type":"binary-expr","locations":[{"start":{"line":93,"column":15},"end":{"line":93,"column":32}},{"start":{"line":94,"column":16},"end":{"line":99,"column":25}}],"line":93}},"s":{"0":0,"1":0,"2":0,"3":0,"4":0,"5":0,"6":0,"7":0,"8":0,"9":0,"10":0,"11":0,"12":0,"13":0,"14":0,"15":0,"16":0,"17":0,"18":0,"19":0,"20":0,"21":0,"22":0},"f":{"0":0,"1":0,"2":0,"3":0,"4":0,"5":0,"6":0},"b":{"0":[0,0],"1":[0,0],"2":[0,0],"3":[0,0]}}
,"C:\\Users\\Nelson\\Desktop\\PROYECTOS\\BOOST A PROJECT\\Plataforma-inversion\\src\\frontend\\app\\blog\\[slug]\\page.tsx": {"path":"C:\\Users\\Nelson\\Desktop\\PROYECTOS\\BOOST A PROJECT\\Plataforma-inversion\\src\\frontend\\app\\blog\\[slug]\\page.tsx","statementMap":{"0":{"start":{"line":13,"column":30},"end":{"line":113,"column":1}},"1":{"start":{"line":14,"column":17},"end":{"line":14,"column":28}},"2":{"start":{"line":15,"column":15},"end":{"line":15,"column":37}},"3":{"start":{"line":17,"column":32},"end":{"line":17,"column":62}},"4":{"start":{"line":18,"column":48},"end":{"line":18,"column":71}},"5":{"start":{"line":19,"column":36},"end":{"line":19,"column":50}},"6":{"start":{"line":20,"column":28},"end":{"line":20,"column":57}},"7":{"start":{"line":22,"column":2},"end":{"line":55,"column":13}},"8":{"start":{"line":23,"column":25},"end":{"line":52,"column":5}},"9":{"start":{"line":24,"column":6},"end":{"line":24,"column":25}},"10":{"start":{"line":25,"column":6},"end":{"line":25,"column":21}},"11":{"start":{"line":27,"column":6},"end":{"line":51,"column":7}},"12":{"start":{"line":28,"column":8},"end":{"line":30,"column":9}},"13":{"start":{"line":29,"column":10},"end":{"line":29,"column":62}},"14":{"start":{"line":32,"column":28},"end":{"line":32,"column":56}},"15":{"start":{"line":34,"column":8},"end":{"line":36,"column":9}},"16":{"start":{"line":35,"column":10},"end":{"line":35,"column":52}},"17":{"start":{"line":38,"column":8},"end":{"line":38,"column":32}},"18":{"start":{"line":41,"column":33},"end":{"line":41,"column":64}},"19":{"start":{"line":43,"column":33},"end":{"line":43,"column":87}},"20":{"start":{"line":43,"column":71},"end":{"line":43,"column":86}},"21":{"start":{"line":44,"column":8},"end":{"line":44,"column":57}},"22":{"start":{"line":47,"column":8},"end":{"line":47,"column":61}},"23":{"start":{"line":48,"column":8},"end":{"line":48,"column":100}},"24":{"start":{"line":50,"column":8},"end":{"line":50,"column":28}},"25":{"start":{"line":54,"column":4},"end":{"line":54,"column":19}},"26":{"start":{"line":57,"column":2},"end":{"line":71,"column":3}},"27":{"start":{"line":58,"column":4},"end":{"line":70,"column":6}},"28":{"start":{"line":73,"column":2},"end":{"line":97,"column":3}},"29":{"start":{"line":74,"column":4},"end":{"line":96,"column":6}},"30":{"start":{"line":99,"column":2},"end":{"line":112,"column":4}},"31":{"start":{"line":103,"column":27},"end":{"line":103,"column":48}}},"fnMap":{"0":{"name":"(anonymous_0)","decl":{"start":{"line":13,"column":30},"end":{"line":13,"column":31}},"loc":{"start":{"line":13,"column":36},"end":{"line":113,"column":1}},"line":13},"1":{"name":"(anonymous_1)","decl":{"start":{"line":22,"column":12},"end":{"line":22,"column":13}},"loc":{"start":{"line":22,"column":18},"end":{"line":55,"column":3}},"line":22},"2":{"name":"(anonymous_2)","decl":{"start":{"line":23,"column":25},"end":{"line":23,"column":26}},"loc":{"start":{"line":23,"column":37},"end":{"line":52,"column":5}},"line":23},"3":{"name":"(anonymous_3)","decl":{"start":{"line":43,"column":66},"end":{"line":43,"column":67}},"loc":{"start":{"line":43,"column":71},"end":{"line":43,"column":86}},"line":43},"4":{"name":"(anonymous_4)","decl":{"start":{"line":103,"column":21},"end":{"line":103,"column":22}},"loc":{"start":{"line":103,"column":27},"end":{"line":103,"column":48}},"line":103}},"branchMap":{"0":{"loc":{"start":{"line":28,"column":8},"end":{"line":30,"column":9}},"type":"if","locations":[{"start":{"line":28,"column":8},"end":{"line":30,"column":9}},{"start":{},"end":{}}],"line":28},"1":{"loc":{"start":{"line":34,"column":8},"end":{"line":36,"column":9}},"type":"if","locations":[{"start":{"line":34,"column":8},"end":{"line":36,"column":9}},{"start":{},"end":{}}],"line":34},"2":{"loc":{"start":{"line":48,"column":17},"end":{"line":48,"column":98}},"type":"cond-expr","locations":[{"start":{"line":48,"column":42},"end":{"line":48,"column":55}},{"start":{"line":48,"column":58},"end":{"line":48,"column":98}}],"line":48},"3":{"loc":{"start":{"line":57,"column":2},"end":{"line":71,"column":3}},"type":"if","locations":[{"start":{"line":57,"column":2},"end":{"line":71,"column":3}},{"start":{},"end":{}}],"line":57},"4":{"loc":{"start":{"line":73,"column":2},"end":{"line":97,"column":3}},"type":"if","locations":[{"start":{"line":73,"column":2},"end":{"line":97,"column":3}},{"start":{},"end":{}}],"line":73},"5":{"loc":{"start":{"line":73,"column":6},"end":{"line":73,"column":23}},"type":"binary-expr","locations":[{"start":{"line":73,"column":6},"end":{"line":73,"column":11}},{"start":{"line":73,"column":15},"end":{"line":73,"column":23}}],"line":73},"6":{"loc":{"start":{"line":85,"column":13},"end":{"line":85,"column":67}},"type":"binary-expr","locations":[{"start":{"line":85,"column":13},"end":{"line":85,"column":18}},{"start":{"line":85,"column":22},"end":{"line":85,"column":67}}],"line":85},"7":{"loc":{"start":{"line":108,"column":7},"end":{"line":110,"column":7}},"type":"binary-expr","locations":[{"start":{"line":108,"column":7},"end":{"line":108,"column":33}},{"start":{"line":109,"column":8},"end":{"line":109,"column":53}}],"line":108}},"s":{"0":0,"1":0,"2":0,"3":0,"4":0,"5":0,"6":0,"7":0,"8":0,"9":0,"10":0,"11":0,"12":0,"13":0,"14":0,"15":0,"16":0,"17":0,"18":0,"19":0,"20":0,"21":0,"22":0,"23":0,"24":0,"25":0,"26":0,"27":0,"28":0,"29":0,"30":0,"31":0},"f":{"0":0,"1":0,"2":0,"3":0,"4":0},"b":{"0":[0,0],"1":[0,0],"2":[0,0],"3":[0,0],"4":[0,0],"5":[0,0],"6":[0,0],"7":[0,0]}}
,"C:\\Users\\Nelson\\Desktop\\PROYECTOS\\BOOST A PROJECT\\Plataforma-inversion\\src\\frontend\\app\\recuperar-contrasena\\page.tsx": {"path":"C:\\Users\\Nelson\\Desktop\\PROYECTOS\\BOOST A PROJECT\\Plataforma-inversion\\src\\frontend\\app\\recuperar-contrasena\\page.tsx","statementMap":{"0":{"start":{"line":11,"column":34},"end":{"line":14,"column":1}},"1":{"start":{"line":17,"column":4},"end":{"line":43,"column":6}}},"fnMap":{"0":{"name":"ForgotPasswordPage","decl":{"start":{"line":16,"column":24},"end":{"line":16,"column":42}},"loc":{"start":{"line":16,"column":45},"end":{"line":44,"column":1}},"line":16}},"branchMap":{},"s":{"0":0,"1":0},"f":{"0":0},"b":{}}
,"C:\\Users\\Nelson\\Desktop\\PROYECTOS\\BOOST A PROJECT\\Plataforma-inversion\\src\\frontend\\app\\reset-password\\page.tsx": {"path":"C:\\Users\\Nelson\\Desktop\\PROYECTOS\\BOOST A PROJECT\\Plataforma-inversion\\src\\frontend\\app\\reset-password\\page.tsx","statementMap":{"0":{"start":{"line":10,"column":34},"end":{"line":13,"column":1}},"1":{"start":{"line":16,"column":4},"end":{"line":42,"column":6}}},"fnMap":{"0":{"name":"ResetPasswordPage","decl":{"start":{"line":15,"column":24},"end":{"line":15,"column":41}},"loc":{"start":{"line":15,"column":44},"end":{"line":43,"column":1}},"line":15}},"branchMap":{},"s":{"0":0,"1":0},"f":{"0":0},"b":{}}
,"C:\\Users\\Nelson\\Desktop\\PROYECTOS\\BOOST A PROJECT\\Plataforma-inversion\\src\\frontend\\components\\Home\\ActiveProjects.tsx": {"path":"C:\\Users\\Nelson\\Desktop\\PROYECTOS\\BOOST A PROJECT\\Plataforma-inversion\\src\\frontend\\components\\Home\\ActiveProjects.tsx","statementMap":{"0":{"start":{"line":11,"column":17},"end":{"line":36,"column":1}},"1":{"start":{"line":38,"column":33},"end":{"line":156,"column":1}},"2":{"start":{"line":39,"column":2},"end":{"line":155,"column":4}},"3":{"start":{"line":63,"column":12},"end":{"line":133,"column":19}}},"fnMap":{"0":{"name":"(anonymous_0)","decl":{"start":{"line":38,"column":33},"end":{"line":38,"column":34}},"loc":{"start":{"line":38,"column":39},"end":{"line":156,"column":1}},"line":38},"1":{"name":"(anonymous_1)","decl":{"start":{"line":62,"column":24},"end":{"line":62,"column":25}},"loc":{"start":{"line":63,"column":12},"end":{"line":133,"column":19}},"line":63}},"branchMap":{"0":{"loc":{"start":{"line":77,"column":20},"end":{"line":77,"column":108}},"type":"cond-expr","locations":[{"start":{"line":77,"column":51},"end":{"line":77,"column":80}},{"start":{"line":77,"column":83},"end":{"line":77,"column":108}}],"line":77}},"s":{"0":0,"1":0,"2":0,"3":0},"f":{"0":0,"1":0},"b":{"0":[0,0]}}
,"C:\\Users\\Nelson\\Desktop\\PROYECTOS\\BOOST A PROJECT\\Plataforma-inversion\\src\\frontend\\components\\Home\\CompanyValues.tsx": {"path":"C:\\Users\\Nelson\\Desktop\\PROYECTOS\\BOOST A PROJECT\\Plataforma-inversion\\src\\frontend\\components\\Home\\CompanyValues.tsx","statementMap":{"0":{"start":{"line":6,"column":15},"end":{"line":31,"column":1}},"1":{"start":{"line":33,"column":32},"end":{"line":60,"column":1}},"2":{"start":{"line":34,"column":2},"end":{"line":59,"column":4}},"3":{"start":{"line":44,"column":10},"end":{"line":55,"column":16}}},"fnMap":{"0":{"name":"(anonymous_0)","decl":{"start":{"line":33,"column":32},"end":{"line":33,"column":33}},"loc":{"start":{"line":33,"column":38},"end":{"line":60,"column":1}},"line":33},"1":{"name":"(anonymous_1)","decl":{"start":{"line":43,"column":20},"end":{"line":43,"column":21}},"loc":{"start":{"line":44,"column":10},"end":{"line":55,"column":16}},"line":44}},"branchMap":{},"s":{"0":0,"1":0,"2":0,"3":0},"f":{"0":0,"1":0},"b":{}}
,"C:\\Users\\Nelson\\Desktop\\PROYECTOS\\BOOST A PROJECT\\Plataforma-inversion\\src\\frontend\\components\\Home\\ContactCTA.tsx": {"path":"C:\\Users\\Nelson\\Desktop\\PROYECTOS\\BOOST A PROJECT\\Plataforma-inversion\\src\\frontend\\components\\Home\\ContactCTA.tsx","statementMap":{"0":{"start":{"line":8,"column":29},"end":{"line":45,"column":1}},"1":{"start":{"line":9,"column":2},"end":{"line":44,"column":4}}},"fnMap":{"0":{"name":"(anonymous_0)","decl":{"start":{"line":8,"column":29},"end":{"line":8,"column":30}},"loc":{"start":{"line":8,"column":35},"end":{"line":45,"column":1}},"line":8}},"branchMap":{},"s":{"0":0,"1":0},"f":{"0":0},"b":{}}
,"C:\\Users\\Nelson\\Desktop\\PROYECTOS\\BOOST A PROJECT\\Plataforma-inversion\\src\\frontend\\components\\Home\\HeroSection.tsx": {"path":"C:\\Users\\Nelson\\Desktop\\PROYECTOS\\BOOST A PROJECT\\Plataforma-inversion\\src\\frontend\\components\\Home\\HeroSection.tsx","statementMap":{"0":{"start":{"line":6,"column":30},"end":{"line":56,"column":1}},"1":{"start":{"line":7,"column":2},"end":{"line":55,"column":4}}},"fnMap":{"0":{"name":"(anonymous_0)","decl":{"start":{"line":6,"column":30},"end":{"line":6,"column":31}},"loc":{"start":{"line":6,"column":36},"end":{"line":56,"column":1}},"line":6}},"branchMap":{},"s":{"0":0,"1":0},"f":{"0":0},"b":{}}
,"C:\\Users\\Nelson\\Desktop\\PROYECTOS\\BOOST A PROJECT\\Plataforma-inversion\\src\\frontend\\components\\Home\\InvestmentProcess.tsx": {"path":"C:\\Users\\Nelson\\Desktop\\PROYECTOS\\BOOST A PROJECT\\Plataforma-inversion\\src\\frontend\\components\\Home\\InvestmentProcess.tsx","statementMap":{"0":{"start":{"line":8,"column":14},"end":{"line":33,"column":1}},"1":{"start":{"line":35,"column":15},"end":{"line":40,"column":1}},"2":{"start":{"line":42,"column":36},"end":{"line":139,"column":1}},"3":{"start":{"line":43,"column":2},"end":{"line":138,"column":4}},"4":{"start":{"line":65,"column":16},"end":{"line":82,"column":22}},"5":{"start":{"line":92,"column":14},"end":{"line":110,"column":20}}},"fnMap":{"0":{"name":"(anonymous_0)","decl":{"start":{"line":42,"column":36},"end":{"line":42,"column":37}},"loc":{"start":{"line":42,"column":42},"end":{"line":139,"column":1}},"line":42},"1":{"name":"(anonymous_1)","decl":{"start":{"line":64,"column":25},"end":{"line":64,"column":26}},"loc":{"start":{"line":65,"column":16},"end":{"line":82,"column":22}},"line":65},"2":{"name":"(anonymous_2)","decl":{"start":{"line":91,"column":23},"end":{"line":91,"column":24}},"loc":{"start":{"line":92,"column":14},"end":{"line":110,"column":20}},"line":92}},"branchMap":{},"s":{"0":0,"1":0,"2":0,"3":0,"4":0,"5":0},"f":{"0":0,"1":0,"2":0},"b":{}}
,"C:\\Users\\Nelson\\Desktop\\PROYECTOS\\BOOST A PROJECT\\Plataforma-inversion\\src\\frontend\\components\\Home\\InvestorSupport.tsx": {"path":"C:\\Users\\Nelson\\Desktop\\PROYECTOS\\BOOST A PROJECT\\Plataforma-inversion\\src\\frontend\\components\\Home\\InvestorSupport.tsx","statementMap":{"0":{"start":{"line":7,"column":34},"end":{"line":48,"column":1}},"1":{"start":{"line":8,"column":2},"end":{"line":47,"column":4}}},"fnMap":{"0":{"name":"(anonymous_0)","decl":{"start":{"line":7,"column":34},"end":{"line":7,"column":35}},"loc":{"start":{"line":7,"column":40},"end":{"line":48,"column":1}},"line":7}},"branchMap":{},"s":{"0":0,"1":0},"f":{"0":0},"b":{}}
,"C:\\Users\\Nelson\\Desktop\\PROYECTOS\\BOOST A PROJECT\\Plataforma-inversion\\src\\frontend\\components\\Home\\ValueProposition.tsx": {"path":"C:\\Users\\Nelson\\Desktop\\PROYECTOS\\BOOST A PROJECT\\Plataforma-inversion\\src\\frontend\\components\\Home\\ValueProposition.tsx","statementMap":{"0":{"start":{"line":8,"column":35},"end":{"line":75,"column":1}},"1":{"start":{"line":9,"column":2},"end":{"line":74,"column":4}}},"fnMap":{"0":{"name":"(anonymous_0)","decl":{"start":{"line":8,"column":35},"end":{"line":8,"column":36}},"loc":{"start":{"line":8,"column":41},"end":{"line":75,"column":1}},"line":8}},"branchMap":{},"s":{"0":0,"1":0},"f":{"0":0},"b":{}}
,"C:\\Users\\Nelson\\Desktop\\PROYECTOS\\BOOST A PROJECT\\Plataforma-inversion\\src\\frontend\\components\\admin\\blog\\BlogArticleForm.tsx": {"path":"C:\\Users\\Nelson\\Desktop\\PROYECTOS\\BOOST A PROJECT\\Plataforma-inversion\\src\\frontend\\components\\admin\\blog\\BlogArticleForm.tsx","statementMap":{"0":{"start":{"line":37,"column":56},"end":{"line":197,"column":1}},"1":{"start":{"line":38,"column":28},"end":{"line":38,"column":62}},"2":{"start":{"line":39,"column":32},"end":{"line":39,"column":68}},"3":{"start":{"line":40,"column":32},"end":{"line":40,"column":68}},"4":{"start":{"line":41,"column":28},"end":{"line":41,"column":62}},"5":{"start":{"line":42,"column":32},"end":{"line":42,"column":78}},"6":{"start":{"line":43,"column":34},"end":{"line":43,"column":72}},"7":{"start":{"line":44,"column":30},"end":{"line":44,"column":69}},"8":{"start":{"line":45,"column":44},"end":{"line":45,"column":59}},"9":{"start":{"line":47,"column":2},"end":{"line":49,"column":26}},"10":{"start":{"line":48,"column":4},"end":{"line":48,"column":55}},"11":{"start":{"line":48,"column":28},"end":{"line":48,"column":55}},"12":{"start":{"line":51,"column":23},"end":{"line":94,"column":3}},"13":{"start":{"line":52,"column":4},"end":{"line":52,"column":22}},"14":{"start":{"line":54,"column":49},"end":{"line":54,"column":51}},"15":{"start":{"line":56,"column":4},"end":{"line":58,"column":5}},"16":{"start":{"line":57,"column":6},"end":{"line":57,"column":72}},"17":{"start":{"line":60,"column":4},"end":{"line":62,"column":5}},"18":{"start":{"line":61,"column":6},"end":{"line":61,"column":75}},"19":{"start":{"line":64,"column":22},"end":{"line":64,"column":82}},"20":{"start":{"line":65,"column":22},"end":{"line":65,"column":49}},"21":{"start":{"line":67,"column":4},"end":{"line":69,"column":5}},"22":{"start":{"line":68,"column":6},"end":{"line":68,"column":74}},"23":{"start":{"line":71,"column":4},"end":{"line":73,"column":5}},"24":{"start":{"line":72,"column":6},"end":{"line":72,"column":67}},"25":{"start":{"line":75,"column":4},"end":{"line":77,"column":5}},"26":{"start":{"line":76,"column":6},"end":{"line":76,"column":73}},"27":{"start":{"line":79,"column":4},"end":{"line":82,"column":5}},"28":{"start":{"line":80,"column":6},"end":{"line":80,"column":26}},"29":{"start":{"line":81,"column":6},"end":{"line":81,"column":12}},"30":{"start":{"line":84,"column":24},"end":{"line":91,"column":5}},"31":{"start":{"line":93,"column":4},"end":{"line":93,"column":25}},"32":{"start":{"line":96,"column":24},"end":{"line":98,"column":3}},"33":{"start":{"line":97,"column":4},"end":{"line":97,"column":26}},"34":{"start":{"line":100,"column":28},"end":{"line":103,"column":3}},"35":{"start":{"line":101,"column":4},"end":{"line":101,"column":22}},"36":{"start":{"line":102,"column":4},"end":{"line":102,"column":47}},"37":{"start":{"line":102,"column":23},"end":{"line":102,"column":45}},"38":{"start":{"line":105,"column":2},"end":{"line":118,"column":3}},"39":{"start":{"line":106,"column":4},"end":{"line":117,"column":5}},"40":{"start":{"line":115,"column":22},"end":{"line":115,"column":45}},"41":{"start":{"line":120,"column":2},"end":{"line":196,"column":3}},"42":{"start":{"line":133,"column":31},"end":{"line":133,"column":55}},"43":{"start":{"line":147,"column":31},"end":{"line":147,"column":57}},"44":{"start":{"line":181,"column":69},"end":{"line":181,"column":83}}},"fnMap":{"0":{"name":"(anonymous_0)","decl":{"start":{"line":37,"column":56},"end":{"line":37,"column":57}},"loc":{"start":{"line":37,"column":87},"end":{"line":197,"column":1}},"line":37},"1":{"name":"(anonymous_1)","decl":{"start":{"line":47,"column":12},"end":{"line":47,"column":13}},"loc":{"start":{"line":47,"column":18},"end":{"line":49,"column":3}},"line":47},"2":{"name":"(anonymous_2)","decl":{"start":{"line":51,"column":23},"end":{"line":51,"column":24}},"loc":{"start":{"line":51,"column":53},"end":{"line":94,"column":3}},"line":51},"3":{"name":"(anonymous_3)","decl":{"start":{"line":96,"column":24},"end":{"line":96,"column":25}},"loc":{"start":{"line":96,"column":30},"end":{"line":98,"column":3}},"line":96},"4":{"name":"(anonymous_4)","decl":{"start":{"line":100,"column":28},"end":{"line":100,"column":29}},"loc":{"start":{"line":100,"column":50},"end":{"line":103,"column":3}},"line":100},"5":{"name":"(anonymous_5)","decl":{"start":{"line":102,"column":14},"end":{"line":102,"column":15}},"loc":{"start":{"line":102,"column":23},"end":{"line":102,"column":45}},"line":102},"6":{"name":"(anonymous_6)","decl":{"start":{"line":115,"column":16},"end":{"line":115,"column":17}},"loc":{"start":{"line":115,"column":22},"end":{"line":115,"column":45}},"line":115},"7":{"name":"(anonymous_7)","decl":{"start":{"line":133,"column":24},"end":{"line":133,"column":25}},"loc":{"start":{"line":133,"column":31},"end":{"line":133,"column":55}},"line":133},"8":{"name":"(anonymous_8)","decl":{"start":{"line":147,"column":24},"end":{"line":147,"column":25}},"loc":{"start":{"line":147,"column":31},"end":{"line":147,"column":57}},"line":147},"9":{"name":"(anonymous_9)","decl":{"start":{"line":181,"column":63},"end":{"line":181,"column":64}},"loc":{"start":{"line":181,"column":69},"end":{"line":181,"column":83}},"line":181}},"branchMap":{"0":{"loc":{"start":{"line":38,"column":37},"end":{"line":38,"column":61}},"type":"binary-expr","locations":[{"start":{"line":38,"column":37},"end":{"line":38,"column":55}},{"start":{"line":38,"column":59},"end":{"line":38,"column":61}}],"line":38},"1":{"loc":{"start":{"line":39,"column":41},"end":{"line":39,"column":67}},"type":"binary-expr","locations":[{"start":{"line":39,"column":41},"end":{"line":39,"column":61}},{"start":{"line":39,"column":65},"end":{"line":39,"column":67}}],"line":39},"2":{"loc":{"start":{"line":40,"column":41},"end":{"line":40,"column":67}},"type":"binary-expr","locations":[{"start":{"line":40,"column":41},"end":{"line":40,"column":61}},{"start":{"line":40,"column":65},"end":{"line":40,"column":67}}],"line":40},"3":{"loc":{"start":{"line":41,"column":37},"end":{"line":41,"column":61}},"type":"binary-expr","locations":[{"start":{"line":41,"column":37},"end":{"line":41,"column":55}},{"start":{"line":41,"column":59},"end":{"line":41,"column":61}}],"line":41},"4":{"loc":{"start":{"line":42,"column":51},"end":{"line":42,"column":77}},"type":"binary-expr","locations":[{"start":{"line":42,"column":51},"end":{"line":42,"column":71}},{"start":{"line":42,"column":75},"end":{"line":42,"column":77}}],"line":42},"5":{"loc":{"start":{"line":43,"column":43},"end":{"line":43,"column":71}},"type":"binary-expr","locations":[{"start":{"line":43,"column":43},"end":{"line":43,"column":65}},{"start":{"line":43,"column":69},"end":{"line":43,"column":71}}],"line":43},"6":{"loc":{"start":{"line":48,"column":4},"end":{"line":48,"column":55}},"type":"if","locations":[{"start":{"line":48,"column":4},"end":{"line":48,"column":55}},{"start":{},"end":{}}],"line":48},"7":{"loc":{"start":{"line":56,"column":4},"end":{"line":58,"column":5}},"type":"if","locations":[{"start":{"line":56,"column":4},"end":{"line":58,"column":5}},{"start":{},"end":{}}],"line":56},"8":{"loc":{"start":{"line":56,"column":8},"end":{"line":56,"column":47}},"type":"binary-expr","locations":[{"start":{"line":56,"column":8},"end":{"line":56,"column":25}},{"start":{"line":56,"column":29},"end":{"line":56,"column":47}}],"line":56},"9":{"loc":{"start":{"line":60,"column":4},"end":{"line":62,"column":5}},"type":"if","locations":[{"start":{"line":60,"column":4},"end":{"line":62,"column":5}},{"start":{},"end":{}}],"line":60},"10":{"loc":{"start":{"line":60,"column":8},"end":{"line":60,"column":51}},"type":"binary-expr","locations":[{"start":{"line":60,"column":8},"end":{"line":60,"column":27}},{"start":{"line":60,"column":31},"end":{"line":60,"column":51}}],"line":60},"11":{"loc":{"start":{"line":67,"column":4},"end":{"line":69,"column":5}},"type":"if","locations":[{"start":{"line":67,"column":4},"end":{"line":69,"column":5}},{"start":{},"end":{}}],"line":67},"12":{"loc":{"start":{"line":71,"column":4},"end":{"line":73,"column":5}},"type":"if","locations":[{"start":{"line":71,"column":4},"end":{"line":73,"column":5}},{"start":{},"end":{}}],"line":71},"13":{"loc":{"start":{"line":75,"column":4},"end":{"line":77,"column":5}},"type":"if","locations":[{"start":{"line":75,"column":4},"end":{"line":77,"column":5}},{"start":{},"end":{}}],"line":75},"14":{"loc":{"start":{"line":75,"column":8},"end":{"line":75,"column":48}},"type":"binary-expr","locations":[{"start":{"line":75,"column":8},"end":{"line":75,"column":26}},{"start":{"line":75,"column":30},"end":{"line":75,"column":48}}],"line":75},"15":{"loc":{"start":{"line":79,"column":4},"end":{"line":82,"column":5}},"type":"if","locations":[{"start":{"line":79,"column":4},"end":{"line":82,"column":5}},{"start":{},"end":{}}],"line":79},"16":{"loc":{"start":{"line":105,"column":2},"end":{"line":118,"column":3}},"type":"if","locations":[{"start":{"line":105,"column":2},"end":{"line":118,"column":3}},{"start":{},"end":{}}],"line":105},"17":{"loc":{"start":{"line":124,"column":11},"end":{"line":124,"column":67}},"type":"cond-expr","locations":[{"start":{"line":124,"column":25},"end":{"line":124,"column":42}},{"start":{"line":124,"column":45},"end":{"line":124,"column":67}}],"line":124},"18":{"loc":{"start":{"line":139,"column":13},"end":{"line":139,"column":88}},"type":"binary-expr","locations":[{"start":{"line":139,"column":13},"end":{"line":139,"column":25}},{"start":{"line":139,"column":29},"end":{"line":139,"column":88}}],"line":139},"19":{"loc":{"start":{"line":153,"column":13},"end":{"line":153,"column":92}},"type":"binary-expr","locations":[{"start":{"line":153,"column":13},"end":{"line":153,"column":27}},{"start":{"line":153,"column":31},"end":{"line":153,"column":92}}],"line":153},"20":{"loc":{"start":{"line":163,"column":13},"end":{"line":163,"column":92}},"type":"binary-expr","locations":[{"start":{"line":163,"column":13},"end":{"line":163,"column":27}},{"start":{"line":163,"column":31},"end":{"line":163,"column":92}}],"line":163},"21":{"loc":{"start":{"line":170,"column":13},"end":{"line":170,"column":88}},"type":"binary-expr","locations":[{"start":{"line":170,"column":13},"end":{"line":170,"column":25}},{"start":{"line":170,"column":29},"end":{"line":170,"column":88}}],"line":170},"22":{"loc":{"start":{"line":176,"column":13},"end":{"line":176,"column":92}},"type":"binary-expr","locations":[{"start":{"line":176,"column":13},"end":{"line":176,"column":27}},{"start":{"line":176,"column":31},"end":{"line":176,"column":92}}],"line":176},"23":{"loc":{"start":{"line":189,"column":17},"end":{"line":189,"column":70}},"type":"cond-expr","locations":[{"start":{"line":189,"column":31},"end":{"line":189,"column":48}},{"start":{"line":189,"column":51},"end":{"line":189,"column":70}}],"line":189}},"s":{"0":1,"1":1,"2":1,"3":1,"4":1,"5":1,"6":1,"7":1,"8":1,"9":1,"10":1,"11":0,"12":1,"13":0,"14":0,"15":0,"16":0,"17":0,"18":0,"19":0,"20":0,"21":0,"22":0,"23":0,"24":0,"25":0,"26":0,"27":0,"28":0,"29":0,"30":0,"31":0,"32":1,"33":0,"34":1,"35":0,"36":0,"37":0,"38":1,"39":0,"40":0,"41":1,"42":0,"43":0,"44":0},"f":{"0":1,"1":1,"2":0,"3":0,"4":0,"5":0,"6":0,"7":0,"8":0,"9":0},"b":{"0":[1,1],"1":[1,1],"2":[1,1],"3":[1,1],"4":[1,1],"5":[1,1],"6":[0,1],"7":[0,0],"8":[0,0],"9":[0,0],"10":[0,0],"11":[0,0],"12":[0,0],"13":[0,0],"14":[0,0],"15":[0,0],"16":[0,1],"17":[0,1],"18":[1,0],"19":[1,0],"20":[1,0],"21":[1,0],"22":[1,0],"23":[0,1]},"_coverageSchema":"1a1c01bbd47fc00a2c39e90264f33305004495a9","hash":"55b2c692b747b93b39b3944e80d636635491638c"}
,"C:\\Users\\Nelson\\Desktop\\PROYECTOS\\BOOST A PROJECT\\Plataforma-inversion\\src\\frontend\\components\\admin\\blog\\helpers\\htmlFormatter.ts": {"path":"C:\\Users\\Nelson\\Desktop\\PROYECTOS\\BOOST A PROJECT\\Plataforma-inversion\\src\\frontend\\components\\admin\\blog\\helpers\\htmlFormatter.ts","statementMap":{"0":{"start":{"line":19,"column":4},"end":{"line":19,"column":48}},"1":{"start":{"line":19,"column":39},"end":{"line":19,"column":48}},"2":{"start":{"line":21,"column":18},"end":{"line":21,"column":35}},"3":{"start":{"line":22,"column":17},"end":{"line":22,"column":19}},"4":{"start":{"line":23,"column":17},"end":{"line":23,"column":22}},"5":{"start":{"line":24,"column":19},"end":{"line":24,"column":21}},"6":{"start":{"line":26,"column":22},"end":{"line":32,"column":5}},"7":{"start":{"line":27,"column":8},"end":{"line":31,"column":9}},"8":{"start":{"line":28,"column":12},"end":{"line":28,"column":38}},"9":{"start":{"line":29,"column":12},"end":{"line":29,"column":26}},"10":{"start":{"line":30,"column":12},"end":{"line":30,"column":25}},"11":{"start":{"line":34,"column":4},"end":{"line":86,"column":5}},"12":{"start":{"line":34,"column":17},"end":{"line":34,"column":18}},"13":{"start":{"line":35,"column":21},"end":{"line":35,"column":36}},"14":{"start":{"line":36,"column":8},"end":{"line":39,"column":9}},"15":{"start":{"line":37,"column":12},"end":{"line":37,"column":23}},"16":{"start":{"line":38,"column":12},"end":{"line":38,"column":20}},"17":{"start":{"line":41,"column":25},"end":{"line":41,"column":57}},"18":{"start":{"line":42,"column":25},"end":{"line":42,"column":72}},"19":{"start":{"line":45,"column":12},"end":{"line":49,"column":48}},"20":{"start":{"line":51,"column":29},"end":{"line":51,"column":82}},"21":{"start":{"line":53,"column":8},"end":{"line":58,"column":9}},"22":{"start":{"line":54,"column":12},"end":{"line":54,"column":23}},"23":{"start":{"line":55,"column":31},"end":{"line":55,"column":84}},"24":{"start":{"line":56,"column":12},"end":{"line":56,"column":63}},"25":{"start":{"line":57,"column":12},"end":{"line":57,"column":20}},"26":{"start":{"line":60,"column":29},"end":{"line":60,"column":56}},"27":{"start":{"line":61,"column":8},"end":{"line":70,"column":9}},"28":{"start":{"line":62,"column":12},"end":{"line":67,"column":13}},"29":{"start":{"line":63,"column":16},"end":{"line":63,"column":27}},"30":{"start":{"line":64,"column":16},"end":{"line":64,"column":32}},"31":{"start":{"line":65,"column":16},"end":{"line":65,"column":29}},"32":{"start":{"line":66,"column":16},"end":{"line":66,"column":31}},"33":{"start":{"line":68,"column":12},"end":{"line":68,"column":100}},"34":{"start":{"line":69,"column":12},"end":{"line":69,"column":20}},"35":{"start":{"line":72,"column":31},"end":{"line":72,"column":54}},"36":{"start":{"line":73,"column":8},"end":{"line":82,"column":9}},"37":{"start":{"line":74,"column":12},"end":{"line":79,"column":13}},"38":{"start":{"line":75,"column":16},"end":{"line":75,"column":27}},"39":{"start":{"line":76,"column":16},"end":{"line":76,"column":32}},"40":{"start":{"line":77,"column":16},"end":{"line":77,"column":29}},"41":{"start":{"line":78,"column":16},"end":{"line":78,"column":31}},"42":{"start":{"line":80,"column":12},"end":{"line":80,"column":102}},"43":{"start":{"line":81,"column":12},"end":{"line":81,"column":20}},"44":{"start":{"line":84,"column":8},"end":{"line":84,"column":19}},"45":{"start":{"line":85,"column":8},"end":{"line":85,"column":42}},"46":{"start":{"line":88,"column":4},"end":{"line":88,"column":15}},"47":{"start":{"line":89,"column":4},"end":{"line":89,"column":17}},"48":{"start":{"line":98,"column":20},"end":{"line":98,"column":76}},"49":{"start":{"line":99,"column":4},"end":{"line":99,"column":46}},"50":{"start":{"line":100,"column":4},"end":{"line":100,"column":20}},"51":{"start":{"line":107,"column":4},"end":{"line":109,"column":47}},"52":{"start":{"line":116,"column":4},"end":{"line":128,"column":15}}},"fnMap":{"0":{"name":"formatToHtml","decl":{"start":{"line":18,"column":16},"end":{"line":18,"column":28}},"loc":{"start":{"line":18,"column":52},"end":{"line":90,"column":1}},"line":18},"1":{"name":"(anonymous_1)","decl":{"start":{"line":26,"column":22},"end":{"line":26,"column":23}},"loc":{"start":{"line":26,"column":28},"end":{"line":32,"column":5}},"line":26},"2":{"name":"sanitizeHtml","decl":{"start":{"line":97,"column":16},"end":{"line":97,"column":28}},"loc":{"start":{"line":97,"column":51},"end":{"line":101,"column":1}},"line":97},"3":{"name":"ensureProperNesting","decl":{"start":{"line":106,"column":9},"end":{"line":106,"column":28}},"loc":{"start":{"line":106,"column":51},"end":{"line":110,"column":1}},"line":106},"4":{"name":"htmlToPlainTextForDebugging","decl":{"start":{"line":115,"column":16},"end":{"line":115,"column":43}},"loc":{"start":{"line":115,"column":66},"end":{"line":129,"column":1}},"line":115}},"branchMap":{"0":{"loc":{"start":{"line":19,"column":4},"end":{"line":19,"column":48}},"type":"if","locations":[{"start":{"line":19,"column":4},"end":{"line":19,"column":48}},{"start":{},"end":{}}],"line":19},"1":{"loc":{"start":{"line":19,"column":8},"end":{"line":19,"column":37}},"type":"binary-expr","locations":[{"start":{"line":19,"column":8},"end":{"line":19,"column":14}},{"start":{"line":19,"column":18},"end":{"line":19,"column":37}}],"line":19},"2":{"loc":{"start":{"line":27,"column":8},"end":{"line":31,"column":9}},"type":"if","locations":[{"start":{"line":27,"column":8},"end":{"line":31,"column":9}},{"start":{},"end":{}}],"line":27},"3":{"loc":{"start":{"line":36,"column":8},"end":{"line":39,"column":9}},"type":"if","locations":[{"start":{"line":36,"column":8},"end":{"line":39,"column":9}},{"start":{},"end":{}}],"line":36},"4":{"loc":{"start":{"line":41,"column":25},"end":{"line":41,"column":57}},"type":"cond-expr","locations":[{"start":{"line":41,"column":33},"end":{"line":41,"column":52}},{"start":{"line":41,"column":55},"end":{"line":41,"column":57}}],"line":41},"5":{"loc":{"start":{"line":42,"column":25},"end":{"line":42,"column":72}},"type":"cond-expr","locations":[{"start":{"line":42,"column":48},"end":{"line":42,"column":67}},{"start":{"line":42,"column":70},"end":{"line":42,"column":72}}],"line":42},"6":{"loc":{"start":{"line":45,"column":12},"end":{"line":49,"column":48}},"type":"binary-expr","locations":[{"start":{"line":45,"column":12},"end":{"line":45,"column":33}},{"start":{"line":46,"column":12},"end":{"line":46,"column":31}},{"start":{"line":47,"column":12},"end":{"line":47,"column":34}},{"start":{"line":48,"column":12},"end":{"line":48,"column":35}},{"start":{"line":49,"column":13},"end":{"line":49,"column":28}},{"start":{"line":49,"column":32},"end":{"line":49,"column":47}}],"line":45},"7":{"loc":{"start":{"line":53,"column":8},"end":{"line":58,"column":9}},"type":"if","locations":[{"start":{"line":53,"column":8},"end":{"line":58,"column":9}},{"start":{},"end":{}}],"line":53},"8":{"loc":{"start":{"line":61,"column":8},"end":{"line":70,"column":9}},"type":"if","locations":[{"start":{"line":61,"column":8},"end":{"line":70,"column":9}},{"start":{},"end":{}}],"line":61},"9":{"loc":{"start":{"line":62,"column":12},"end":{"line":67,"column":13}},"type":"if","locations":[{"start":{"line":62,"column":12},"end":{"line":67,"column":13}},{"start":{},"end":{}}],"line":62},"10":{"loc":{"start":{"line":62,"column":16},"end":{"line":62,"column":44}},"type":"binary-expr","locations":[{"start":{"line":62,"column":16},"end":{"line":62,"column":23}},{"start":{"line":62,"column":27},"end":{"line":62,"column":44}}],"line":62},"11":{"loc":{"start":{"line":73,"column":8},"end":{"line":82,"column":9}},"type":"if","locations":[{"start":{"line":73,"column":8},"end":{"line":82,"column":9}},{"start":{},"end":{}}],"line":73},"12":{"loc":{"start":{"line":74,"column":12},"end":{"line":79,"column":13}},"type":"if","locations":[{"start":{"line":74,"column":12},"end":{"line":79,"column":13}},{"start":{},"end":{}}],"line":74},"13":{"loc":{"start":{"line":74,"column":16},"end":{"line":74,"column":44}},"type":"binary-expr","locations":[{"start":{"line":74,"column":16},"end":{"line":74,"column":23}},{"start":{"line":74,"column":27},"end":{"line":74,"column":44}}],"line":74}},"s":{"0":0,"1":0,"2":0,"3":0,"4":0,"5":0,"6":0,"7":0,"8":0,"9":0,"10":0,"11":0,"12":0,"13":0,"14":0,"15":0,"16":0,"17":0,"18":0,"19":0,"20":0,"21":0,"22":0,"23":0,"24":0,"25":0,"26":0,"27":0,"28":0,"29":0,"30":0,"31":0,"32":0,"33":0,"34":0,"35":0,"36":0,"37":0,"38":0,"39":0,"40":0,"41":0,"42":0,"43":0,"44":0,"45":0,"46":0,"47":0,"48":0,"49":0,"50":0,"51":0,"52":0},"f":{"0":0,"1":0,"2":0,"3":0,"4":0},"b":{"0":[0,0],"1":[0,0],"2":[0,0],"3":[0,0],"4":[0,0],"5":[0,0],"6":[0,0,0,0,0,0],"7":[0,0],"8":[0,0],"9":[0,0],"10":[0,0],"11":[0,0],"12":[0,0],"13":[0,0]},"_coverageSchema":"1a1c01bbd47fc00a2c39e90264f33305004495a9","hash":"0d246c24e79f198bf5acda568fdb1f3bed5e3904"}
,"C:\\Users\\Nelson\\Desktop\\PROYECTOS\\BOOST A PROJECT\\Plataforma-inversion\\src\\frontend\\components\\admin\\ui\\AdminCard.tsx": {"path":"C:\\Users\\Nelson\\Desktop\\PROYECTOS\\BOOST A PROJECT\\Plataforma-inversion\\src\\frontend\\components\\admin\\ui\\AdminCard.tsx","statementMap":{"0":{"start":{"line":21,"column":44},"end":{"line":42,"column":1}},"1":{"start":{"line":27,"column":2},"end":{"line":41,"column":4}}},"fnMap":{"0":{"name":"(anonymous_0)","decl":{"start":{"line":21,"column":44},"end":{"line":21,"column":45}},"loc":{"start":{"line":26,"column":6},"end":{"line":42,"column":1}},"line":26}},"branchMap":{},"s":{"0":0,"1":0},"f":{"0":0},"b":{}}
,"C:\\Users\\Nelson\\Desktop\\PROYECTOS\\BOOST A PROJECT\\Plataforma-inversion\\src\\frontend\\components\\admin\\ui\\blog\\ArticlePreview.tsx": {"path":"C:\\Users\\Nelson\\Desktop\\PROYECTOS\\BOOST A PROJECT\\Plataforma-inversion\\src\\frontend\\components\\admin\\ui\\blog\\ArticlePreview.tsx","statementMap":{"0":{"start":{"line":20,"column":54},"end":{"line":65,"column":1}},"1":{"start":{"line":25,"column":34},"end":{"line":36,"column":3}},"2":{"start":{"line":38,"column":2},"end":{"line":64,"column":4}}},"fnMap":{"0":{"name":"(anonymous_0)","decl":{"start":{"line":20,"column":54},"end":{"line":20,"column":55}},"loc":{"start":{"line":23,"column":6},"end":{"line":65,"column":1}},"line":23}},"branchMap":{},"s":{"0":1,"1":0,"2":0},"f":{"0":0},"b":{},"_coverageSchema":"1a1c01bbd47fc00a2c39e90264f33305004495a9","hash":"f2d57953d4580376dffd21de818f496a474b19da"}
,"C:\\Users\\Nelson\\Desktop\\PROYECTOS\\BOOST A PROJECT\\Plataforma-inversion\\src\\frontend\\components\\admin\\ui\\blog\\ArticlesSelector.tsx": {"path":"C:\\Users\\Nelson\\Desktop\\PROYECTOS\\BOOST A PROJECT\\Plataforma-inversion\\src\\frontend\\components\\admin\\ui\\blog\\ArticlesSelector.tsx","statementMap":{"0":{"start":{"line":17,"column":25},"end":{"line":85,"column":1}},"1":{"start":{"line":18,"column":34},"end":{"line":18,"column":65}},"2":{"start":{"line":19,"column":36},"end":{"line":19,"column":50}},"3":{"start":{"line":20,"column":28},"end":{"line":20,"column":57}},"4":{"start":{"line":22,"column":2},"end":{"line":38,"column":8}},"5":{"start":{"line":23,"column":25},"end":{"line":35,"column":5}},"6":{"start":{"line":24,"column":6},"end":{"line":34,"column":7}},"7":{"start":{"line":25,"column":8},"end":{"line":25,"column":26}},"8":{"start":{"line":26,"column":29},"end":{"line":26,"column":53}},"9":{"start":{"line":27,"column":8},"end":{"line":27,"column":33}},"10":{"start":{"line":28,"column":8},"end":{"line":28,"column":22}},"11":{"start":{"line":30,"column":8},"end":{"line":30,"column":60}},"12":{"start":{"line":31,"column":8},"end":{"line":31,"column":55}},"13":{"start":{"line":33,"column":8},"end":{"line":33,"column":27}},"14":{"start":{"line":37,"column":4},"end":{"line":37,"column":18}},"15":{"start":{"line":40,"column":24},"end":{"line":47,"column":3}},"16":{"start":{"line":41,"column":4},"end":{"line":46,"column":5}},"17":{"start":{"line":42,"column":6},"end":{"line":42,"column":53}},"18":{"start":{"line":42,"column":41},"end":{"line":42,"column":51}},"19":{"start":{"line":44,"column":6},"end":{"line":44,"column":38}},"20":{"start":{"line":44,"column":32},"end":{"line":44,"column":38}},"21":{"start":{"line":45,"column":6},"end":{"line":45,"column":38}},"22":{"start":{"line":49,"column":2},"end":{"line":84,"column":3}},"23":{"start":{"line":63,"column":12},"end":{"line":74,"column":21}},"24":{"start":{"line":65,"column":29},"end":{"line":65,"column":56}}},"fnMap":{"0":{"name":"(anonymous_0)","decl":{"start":{"line":17,"column":25},"end":{"line":17,"column":26}},"loc":{"start":{"line":17,"column":79},"end":{"line":85,"column":1}},"line":17},"1":{"name":"(anonymous_1)","decl":{"start":{"line":22,"column":12},"end":{"line":22,"column":13}},"loc":{"start":{"line":22,"column":18},"end":{"line":38,"column":3}},"line":22},"2":{"name":"(anonymous_2)","decl":{"start":{"line":23,"column":25},"end":{"line":23,"column":26}},"loc":{"start":{"line":23,"column":37},"end":{"line":35,"column":5}},"line":23},"3":{"name":"(anonymous_3)","decl":{"start":{"line":40,"column":24},"end":{"line":40,"column":25}},"loc":{"start":{"line":40,"column":42},"end":{"line":47,"column":3}},"line":40},"4":{"name":"(anonymous_4)","decl":{"start":{"line":42,"column":34},"end":{"line":42,"column":35}},"loc":{"start":{"line":42,"column":41},"end":{"line":42,"column":51}},"line":42},"5":{"name":"(anonymous_5)","decl":{"start":{"line":62,"column":23},"end":{"line":62,"column":24}},"loc":{"start":{"line":63,"column":12},"end":{"line":74,"column":21}},"line":63},"6":{"name":"(anonymous_6)","decl":{"start":{"line":65,"column":23},"end":{"line":65,"column":24}},"loc":{"start":{"line":65,"column":29},"end":{"line":65,"column":56}},"line":65}},"branchMap":{"0":{"loc":{"start":{"line":41,"column":4},"end":{"line":46,"column":5}},"type":"if","locations":[{"start":{"line":41,"column":4},"end":{"line":46,"column":5}},{"start":{"line":43,"column":11},"end":{"line":46,"column":5}}],"line":41},"1":{"loc":{"start":{"line":44,"column":6},"end":{"line":44,"column":38}},"type":"if","locations":[{"start":{"line":44,"column":6},"end":{"line":44,"column":38}},{"start":{},"end":{}}],"line":44},"2":{"loc":{"start":{"line":55,"column":9},"end":{"line":76,"column":9}},"type":"cond-expr","locations":[{"start":{"line":56,"column":10},"end":{"line":56,"column":76}},{"start":{"line":57,"column":12},"end":{"line":76,"column":9}}],"line":55},"3":{"loc":{"start":{"line":57,"column":12},"end":{"line":76,"column":9}},"type":"cond-expr","locations":[{"start":{"line":58,"column":10},"end":{"line":58,"column":61}},{"start":{"line":59,"column":12},"end":{"line":76,"column":9}}],"line":57},"4":{"loc":{"start":{"line":59,"column":12},"end":{"line":76,"column":9}},"type":"cond-expr","locations":[{"start":{"line":60,"column":10},"end":{"line":60,"column":83}},{"start":{"line":62,"column":10},"end":{"line":75,"column":12}}],"line":59},"5":{"loc":{"start":{"line":68,"column":16},"end":{"line":70,"column":81}},"type":"cond-expr","locations":[{"start":{"line":69,"column":20},"end":{"line":69,"column":62}},{"start":{"line":70,"column":20},"end":{"line":70,"column":81}}],"line":68},"6":{"loc":{"start":{"line":78,"column":7},"end":{"line":82,"column":7}},"type":"binary-expr","locations":[{"start":{"line":78,"column":7},"end":{"line":78,"column":28}},{"start":{"line":79,"column":8},"end":{"line":81,"column":12}}],"line":78}},"s":{"0":1,"1":2,"2":2,"3":2,"4":2,"5":1,"6":1,"7":1,"8":1,"9":1,"10":1,"11":0,"12":0,"13":1,"14":1,"15":2,"16":0,"17":0,"18":0,"19":0,"20":0,"21":0,"22":2,"23":3,"24":0},"f":{"0":2,"1":1,"2":1,"3":0,"4":0,"5":3,"6":0},"b":{"0":[0,0],"1":[0,0],"2":[1,1],"3":[0,1],"4":[0,1],"5":[0,3],"6":[2,2]},"_coverageSchema":"1a1c01bbd47fc00a2c39e90264f33305004495a9","hash":"b913c25bc16b569b086fcf24bb9ea3c8913b2411"}
,"C:\\Users\\Nelson\\Desktop\\PROYECTOS\\BOOST A PROJECT\\Plataforma-inversion\\src\\frontend\\components\\admin\\ui\\blog\\BlogArticleCard.tsx": {"path":"C:\\Users\\Nelson\\Desktop\\PROYECTOS\\BOOST A PROJECT\\Plataforma-inversion\\src\\frontend\\components\\admin\\ui\\blog\\BlogArticleCard.tsx","statementMap":{"0":{"start":{"line":13,"column":56},"end":{"line":58,"column":1}},"1":{"start":{"line":14,"column":21},"end":{"line":19,"column":6}},"2":{"start":{"line":15,"column":4},"end":{"line":19,"column":6}},"3":{"start":{"line":21,"column":2},"end":{"line":57,"column":3}},"4":{"start":{"line":51,"column":25},"end":{"line":51,"column":39}}},"fnMap":{"0":{"name":"(anonymous_0)","decl":{"start":{"line":13,"column":56},"end":{"line":13,"column":57}},"loc":{"start":{"line":13,"column":115},"end":{"line":58,"column":1}},"line":13},"1":{"name":"(anonymous_1)","decl":{"start":{"line":14,"column":21},"end":{"line":14,"column":22}},"loc":{"start":{"line":15,"column":4},"end":{"line":19,"column":6}},"line":15},"2":{"name":"(anonymous_2)","decl":{"start":{"line":51,"column":19},"end":{"line":51,"column":20}},"loc":{"start":{"line":51,"column":25},"end":{"line":51,"column":39}},"line":51}},"branchMap":{},"s":{"0":0,"1":0,"2":0,"3":0,"4":0},"f":{"0":0,"1":0,"2":0},"b":{}}
,"C:\\Users\\Nelson\\Desktop\\PROYECTOS\\BOOST A PROJECT\\Plataforma-inversion\\src\\frontend\\components\\admin\\ui\\blog\\EditorContentArticle.tsx": {"path":"C:\\Users\\Nelson\\Desktop\\PROYECTOS\\BOOST A PROJECT\\Plataforma-inversion\\src\\frontend\\components\\admin\\ui\\blog\\EditorContentArticle.tsx","statementMap":{"0":{"start":{"line":20,"column":66},"end":{"line":124,"column":1}},"1":{"start":{"line":21,"column":32},"end":{"line":21,"column":44}},"2":{"start":{"line":22,"column":26},"end":{"line":22,"column":38}},"3":{"start":{"line":23,"column":22},"end":{"line":23,"column":55}},"4":{"start":{"line":25,"column":23},"end":{"line":31,"column":3}},"5":{"start":{"line":26,"column":18},"end":{"line":26,"column":32}},"6":{"start":{"line":27,"column":4},"end":{"line":27,"column":21}},"7":{"start":{"line":28,"column":22},"end":{"line":28,"column":41}},"8":{"start":{"line":29,"column":4},"end":{"line":29,"column":22}},"9":{"start":{"line":30,"column":4},"end":{"line":30,"column":23}},"10":{"start":{"line":33,"column":2},"end":{"line":40,"column":8}},"11":{"start":{"line":34,"column":4},"end":{"line":39,"column":5}},"12":{"start":{"line":35,"column":6},"end":{"line":35,"column":25}},"13":{"start":{"line":36,"column":24},"end":{"line":36,"column":45}},"14":{"start":{"line":37,"column":6},"end":{"line":37,"column":24}},"15":{"start":{"line":38,"column":6},"end":{"line":38,"column":25}},"16":{"start":{"line":42,"column":2},"end":{"line":123,"column":3}}},"fnMap":{"0":{"name":"(anonymous_0)","decl":{"start":{"line":20,"column":66},"end":{"line":20,"column":67}},"loc":{"start":{"line":20,"column":93},"end":{"line":124,"column":1}},"line":20},"1":{"name":"(anonymous_1)","decl":{"start":{"line":25,"column":23},"end":{"line":25,"column":24}},"loc":{"start":{"line":25,"column":70},"end":{"line":31,"column":3}},"line":25},"2":{"name":"(anonymous_2)","decl":{"start":{"line":33,"column":12},"end":{"line":33,"column":13}},"loc":{"start":{"line":33,"column":18},"end":{"line":40,"column":3}},"line":33}},"branchMap":{"0":{"loc":{"start":{"line":34,"column":4},"end":{"line":39,"column":5}},"type":"if","locations":[{"start":{"line":34,"column":4},"end":{"line":39,"column":5}},{"start":{},"end":{}}],"line":34},"1":{"loc":{"start":{"line":34,"column":8},"end":{"line":34,"column":33}},"type":"binary-expr","locations":[{"start":{"line":34,"column":8},"end":{"line":34,"column":15}},{"start":{"line":34,"column":19},"end":{"line":34,"column":33}}],"line":34}},"s":{"0":1,"1":1,"2":1,"3":1,"4":1,"5":0,"6":0,"7":0,"8":0,"9":0,"10":1,"11":1,"12":0,"13":0,"14":0,"15":0,"16":1},"f":{"0":1,"1":0,"2":1},"b":{"0":[0,1],"1":[1,0]},"_coverageSchema":"1a1c01bbd47fc00a2c39e90264f33305004495a9","hash":"140b45ee5dbd87af29a98b26016e7007148c0723"}
,"C:\\Users\\Nelson\\Desktop\\PROYECTOS\\BOOST A PROJECT\\Plataforma-inversion\\src\\frontend\\components\\admin\\ui\\blog\\WordCounter.tsx": {"path":"C:\\Users\\Nelson\\Desktop\\PROYECTOS\\BOOST A PROJECT\\Plataforma-inversion\\src\\frontend\\components\\admin\\ui\\blog\\WordCounter.tsx","statementMap":{"0":{"start":{"line":23,"column":48},"end":{"line":90,"column":1}},"1":{"start":{"line":28,"column":36},"end":{"line":28,"column":47}},"2":{"start":{"line":29,"column":21},"end":{"line":29,"column":56}},"3":{"start":{"line":32,"column":29},"end":{"line":41,"column":3}},"4":{"start":{"line":33,"column":4},"end":{"line":33,"column":24}},"5":{"start":{"line":33,"column":15},"end":{"line":33,"column":24}},"6":{"start":{"line":36,"column":17},"end":{"line":36,"column":46}},"7":{"start":{"line":38,"column":18},"end":{"line":38,"column":61}},"8":{"start":{"line":40,"column":4},"end":{"line":40,"column":56}},"9":{"start":{"line":40,"column":32},"end":{"line":40,"column":47}},"10":{"start":{"line":44,"column":2},"end":{"line":61,"column":20}},"11":{"start":{"line":46,"column":4},"end":{"line":48,"column":5}},"12":{"start":{"line":47,"column":6},"end":{"line":47,"column":39}},"13":{"start":{"line":51,"column":4},"end":{"line":53,"column":12}},"14":{"start":{"line":52,"column":6},"end":{"line":52,"column":52}},"15":{"start":{"line":56,"column":4},"end":{"line":60,"column":6}},"16":{"start":{"line":57,"column":6},"end":{"line":59,"column":7}},"17":{"start":{"line":58,"column":8},"end":{"line":58,"column":41}},"18":{"start":{"line":64,"column":23},"end":{"line":64,"column":48}},"19":{"start":{"line":67,"column":20},"end":{"line":67,"column":71}},"20":{"start":{"line":69,"column":2},"end":{"line":89,"column":4}}},"fnMap":{"0":{"name":"(anonymous_0)","decl":{"start":{"line":23,"column":48},"end":{"line":23,"column":49}},"loc":{"start":{"line":27,"column":6},"end":{"line":90,"column":1}},"line":27},"1":{"name":"(anonymous_1)","decl":{"start":{"line":32,"column":29},"end":{"line":32,"column":30}},"loc":{"start":{"line":32,"column":55},"end":{"line":41,"column":3}},"line":32},"2":{"name":"(anonymous_2)","decl":{"start":{"line":40,"column":24},"end":{"line":40,"column":25}},"loc":{"start":{"line":40,"column":32},"end":{"line":40,"column":47}},"line":40},"3":{"name":"(anonymous_3)","decl":{"start":{"line":44,"column":12},"end":{"line":44,"column":13}},"loc":{"start":{"line":44,"column":18},"end":{"line":61,"column":3}},"line":44},"4":{"name":"(anonymous_4)","decl":{"start":{"line":51,"column":36},"end":{"line":51,"column":37}},"loc":{"start":{"line":51,"column":42},"end":{"line":53,"column":5}},"line":51},"5":{"name":"(anonymous_5)","decl":{"start":{"line":56,"column":11},"end":{"line":56,"column":12}},"loc":{"start":{"line":56,"column":17},"end":{"line":60,"column":5}},"line":56}},"branchMap":{"0":{"loc":{"start":{"line":25,"column":2},"end":{"line":25,"column":21}},"type":"default-arg","locations":[{"start":{"line":25,"column":17},"end":{"line":25,"column":21}}],"line":25},"1":{"loc":{"start":{"line":26,"column":2},"end":{"line":26,"column":16}},"type":"default-arg","locations":[{"start":{"line":26,"column":14},"end":{"line":26,"column":16}}],"line":26},"2":{"loc":{"start":{"line":33,"column":4},"end":{"line":33,"column":24}},"type":"if","locations":[{"start":{"line":33,"column":4},"end":{"line":33,"column":24}},{"start":{},"end":{}}],"line":33},"3":{"loc":{"start":{"line":46,"column":4},"end":{"line":48,"column":5}},"type":"if","locations":[{"start":{"line":46,"column":4},"end":{"line":48,"column":5}},{"start":{},"end":{}}],"line":46},"4":{"loc":{"start":{"line":57,"column":6},"end":{"line":59,"column":7}},"type":"if","locations":[{"start":{"line":57,"column":6},"end":{"line":59,"column":7}},{"start":{},"end":{}}],"line":57},"5":{"loc":{"start":{"line":67,"column":20},"end":{"line":67,"column":71}},"type":"cond-expr","locations":[{"start":{"line":67,"column":35},"end":{"line":67,"column":51}},{"start":{"line":67,"column":54},"end":{"line":67,"column":71}}],"line":67},"6":{"loc":{"start":{"line":82,"column":9},"end":{"line":86,"column":9}},"type":"binary-expr","locations":[{"start":{"line":82,"column":9},"end":{"line":82,"column":22}},{"start":{"line":83,"column":10},"end":{"line":85,"column":16}}],"line":82}},"s":{"0":1,"1":1,"2":1,"3":1,"4":0,"5":0,"6":0,"7":0,"8":0,"9":0,"10":1,"11":1,"12":0,"13":1,"14":0,"15":1,"16":1,"17":1,"18":1,"19":1,"20":1},"f":{"0":1,"1":0,"2":0,"3":1,"4":0,"5":1},"b":{"0":[1],"1":[1],"2":[0,0],"3":[0,1],"4":[1,0],"5":[0,1],"6":[1,1]},"_coverageSchema":"1a1c01bbd47fc00a2c39e90264f33305004495a9","hash":"f1a9b1c6d901e0e81d53440bd04bc23e13cf2b2f"}
[...]
,"C:\\Users\\Nelson\\Desktop\\PROYECTOS\\BOOST A PROJECT\\Plataforma-inversion\\src\\frontend\\lib\\api\\authService.ts": {"path":"C:\\Users\\Nelson\\Desktop\\PROYECTOS\\BOOST A PROJECT\\Plataforma-inversion\\src\\frontend\\lib\\api\\authService.ts","statementMap":{"0":{"start":{"line":9,"column":21},"end":{"line":9,"column":52}},"1":{"start":{"line":11,"column":0},"end":{"line":13,"column":1}},"2":{"start":{"line":12,"column":4},"end":{"line":12,"column":72}},"3":{"start":{"line":15,"column":27},"end":{"line":106,"column":1}},"4":{"start":{"line":25,"column":25},"end":{"line":29,"column":10}},"5":{"start":{"line":31,"column":21},"end":{"line":31,"column":42}},"6":{"start":{"line":33,"column":8},"end":{"line":35,"column":9}},"7":{"start":{"line":34,"column":12},"end":{"line":34,"column":64}},"8":{"start":{"line":37,"column":8},"end":{"line":37,"column":20}},"9":{"start":{"line":45,"column":25},"end":{"line":50,"column":10}},"10":{"start":{"line":52,"column":21},"end":{"line":52,"column":42}},"11":{"start":{"line":53,"column":19},"end":{"line":53,"column":23}},"12":{"start":{"line":55,"column":8},"end":{"line":60,"column":9}},"13":{"start":{"line":56,"column":12},"end":{"line":56,"column":50}},"14":{"start":{"line":58,"column":12},"end":{"line":58,"column":79}},"15":{"start":{"line":59,"column":12},"end":{"line":59,"column":64}},"16":{"start":{"line":62,"column":8},"end":{"line":64,"column":9}},"17":{"start":{"line":63,"column":12},"end":{"line":63,"column":73}},"18":{"start":{"line":66,"column":8},"end":{"line":66,"column":20}},"19":{"start":{"line":74,"column":8},"end":{"line":87,"column":9}},"20":{"start":{"line":75,"column":29},"end":{"line":78,"column":14}},"21":{"start":{"line":80,"column":12},"end":{"line":83,"column":13}},"22":{"start":{"line":81,"column":29},"end":{"line":81,"column":50}},"23":{"start":{"line":82,"column":16},"end":{"line":82,"column":70}},"24":{"start":{"line":85,"column":12},"end":{"line":85,"column":60}},"25":{"start":{"line":94,"column":25},"end":{"line":96,"column":10}},"26":{"start":{"line":98,"column":21},"end":{"line":98,"column":42}},"27":{"start":{"line":100,"column":8},"end":{"line":102,"column":9}},"28":{"start":{"line":101,"column":12},"end":{"line":101,"column":67}},"29":{"start":{"line":104,"column":8},"end":{"line":104,"column":20}}},"fnMap":{"0":{"name":"(anonymous_0)","decl":{"start":{"line":20,"column":12},"end":{"line":20,"column":13}},"loc":{"start":{"line":24,"column":10},"end":{"line":38,"column":5}},"line":24},"1":{"name":"(anonymous_1)","decl":{"start":{"line":44,"column":11},"end":{"line":44,"column":12}},"loc":{"start":{"line":44,"column":71},"end":{"line":67,"column":5}},"line":44},"2":{"name":"(anonymous_2)","decl":{"start":{"line":73,"column":12},"end":{"line":73,"column":13}},"loc":{"start":{"line":73,"column":24},"end":{"line":88,"column":5}},"line":73},"3":{"name":"(anonymous_3)","decl":{"start":{"line":93,"column":13},"end":{"line":93,"column":14}},"loc":{"start":{"line":93,"column":25},"end":{"line":105,"column":5}},"line":93}},"branchMap":{"0":{"loc":{"start":{"line":11,"column":0},"end":{"line":13,"column":1}},"type":"if","locations":[{"start":{"line":11,"column":0},"end":{"line":13,"column":1}},{"start":{},"end":{}}],"line":11},"1":{"loc":{"start":{"line":33,"column":8},"end":{"line":35,"column":9}},"type":"if","locations":[{"start":{"line":33,"column":8},"end":{"line":35,"column":9}},{"start":{},"end":{}}],"line":33},"2":{"loc":{"start":{"line":34,"column":28},"end":{"line":34,"column":62}},"type":"binary-expr","locations":[{"start":{"line":34,"column":28},"end":{"line":34,"column":36}},{"start":{"line":34,"column":40},"end":{"line":34,"column":62}}],"line":34},"3":{"loc":{"start":{"line":56,"column":19},"end":{"line":56,"column":49}},"type":"cond-expr","locations":[{"start":{"line":56,"column":26},"end":{"line":56,"column":42}},{"start":{"line":56,"column":45},"end":{"line":56,"column":49}}],"line":56},"4":{"loc":{"start":{"line":62,"column":8},"end":{"line":64,"column":9}},"type":"if","locations":[{"start":{"line":62,"column":8},"end":{"line":64,"column":9}},{"start":{},"end":{}}],"line":62},"5":{"loc":{"start":{"line":63,"column":28},"end":{"line":63,"column":71}},"type":"binary-expr","locations":[{"start":{"line":63,"column":28},"end":{"line":63,"column":37}},{"start":{"line":63,"column":41},"end":{"line":63,"column":71}}],"line":63},"6":{"loc":{"start":{"line":80,"column":12},"end":{"line":83,"column":13}},"type":"if","locations":[{"start":{"line":80,"column":12},"end":{"line":83,"column":13}},{"start":{},"end":{}}],"line":80},"7":{"loc":{"start":{"line":82,"column":32},"end":{"line":82,"column":68}},"type":"binary-expr","locations":[{"start":{"line":82,"column":32},"end":{"line":82,"column":40}},{"start":{"line":82,"column":44},"end":{"line":82,"column":68}}],"line":82},"8":{"loc":{"start":{"line":100,"column":8},"end":{"line":102,"column":9}},"type":"if","locations":[{"start":{"line":100,"column":8},"end":{"line":102,"column":9}},{"start":{},"end":{}}],"line":100},"9":{"loc":{"start":{"line":101,"column":28},"end":{"line":101,"column":65}},"type":"binary-expr","locations":[{"start":{"line":101,"column":28},"end":{"line":101,"column":36}},{"start":{"line":101,"column":40},"end":{"line":101,"column":65}}],"line":101}},"s":{"0":0,"1":0,"2":0,"3":0,"4":0,"5":0,"6":0,"7":0,"8":0,"9":0,"10":0,"11":0,"12":0,"13":0,"14":0,"15":0,"16":0,"17":0,"18":0,"19":0,"20":0,"21":0,"22":0,"23":0,"24":0,"25":0,"26":0,"27":0,"28":0,"29":0},"f":{"0":0,"1":0,"2":0,"3":0},"b":{"0":[0,0],"1":[0,0],"2":[0,0],"3":[0,0],"4":[0,0],"5":[0,0],"6":[0,0],"7":[0,0],"8":[0,0],"9":[0,0]}}
,"C:\\Users\\Nelson\\Desktop\\PROYECTOS\\BOOST A PROJECT\\Plataforma-inversion\\src\\frontend\\lib\\api\\imageService.ts": {"path":"C:\\Users\\Nelson\\Desktop\\PROYECTOS\\BOOST A PROJECT\\Plataforma-inversion\\src\\frontend\\lib\\api\\imageService.ts","statementMap":{"0":{"start":{"line":17,"column":21},"end":{"line":20,"column":6}},"1":{"start":{"line":22,"column":4},"end":{"line":24,"column":5}},"2":{"start":{"line":23,"column":8},"end":{"line":23,"column":52}},"3":{"start":{"line":26,"column":17},"end":{"line":26,"column":38}},"4":{"start":{"line":27,"column":4},"end":{"line":27,"column":26}}},"fnMap":{"0":{"name":"uploadImage","decl":{"start":{"line":16,"column":22},"end":{"line":16,"column":33}},"loc":{"start":{"line":16,"column":71},"end":{"line":28,"column":1}},"line":16}},"branchMap":{"0":{"loc":{"start":{"line":22,"column":4},"end":{"line":24,"column":5}},"type":"if","locations":[{"start":{"line":22,"column":4},"end":{"line":24,"column":5}},{"start":{},"end":{}}],"line":22}},"s":{"0":1,"1":1,"2":0,"3":1,"4":1},"f":{"0":1},"b":{"0":[0,1]},"_coverageSchema":"1a1c01bbd47fc00a2c39e90264f33305004495a9","hash":"87a06d35e05a5f3b0ca929a2540ff469038ab4bf"}
,"C:\\Users\\Nelson\\Desktop\\PROYECTOS\\BOOST A PROJECT\\Plataforma-inversion\\src\\frontend\\lib\\api\\userService.ts": {"path":"C:\\Users\\Nelson\\Desktop\\PROYECTOS\\BOOST A PROJECT\\Plataforma-inversion\\src\\frontend\\lib\\api\\userService.ts","statementMap":{"0":{"start":{"line":12,"column":16},"end":{"line":12,"column":47}},"1":{"start":{"line":14,"column":0},"end":{"line":16,"column":1}},"2":{"start":{"line":15,"column":4},"end":{"line":15,"column":72}},"3":{"start":{"line":18,"column":27},"end":{"line":111,"column":1}},"4":{"start":{"line":28,"column":25},"end":{"line":31,"column":10}},"5":{"start":{"line":33,"column":23},"end":{"line":33,"column":44}},"6":{"start":{"line":34,"column":8},"end":{"line":34,"column":87}},"7":{"start":{"line":34,"column":26},"end":{"line":34,"column":87}},"8":{"start":{"line":35,"column":8},"end":{"line":35,"column":22}},"9":{"start":{"line":43,"column":25},"end":{"line":46,"column":10}},"10":{"start":{"line":48,"column":23},"end":{"line":48,"column":44}},"11":{"start":{"line":49,"column":8},"end":{"line":49,"column":88}},"12":{"start":{"line":49,"column":26},"end":{"line":49,"column":88}},"13":{"start":{"line":50,"column":8},"end":{"line":50,"column":22}},"14":{"start":{"line":58,"column":25},"end":{"line":62,"column":10}},"15":{"start":{"line":64,"column":21},"end":{"line":64,"column":42}},"16":{"start":{"line":67,"column":8},"end":{"line":72,"column":9}},"17":{"start":{"line":68,"column":12},"end":{"line":68,"column":50}},"18":{"start":{"line":70,"column":12},"end":{"line":70,"column":59}},"19":{"start":{"line":71,"column":12},"end":{"line":71,"column":65}},"20":{"start":{"line":74,"column":8},"end":{"line":76,"column":9}},"21":{"start":{"line":75,"column":12},"end":{"line":75,"column":95}},"22":{"start":{"line":78,"column":8},"end":{"line":78,"column":22}},"23":{"start":{"line":86,"column":25},"end":{"line":90,"column":10}},"24":{"start":{"line":92,"column":23},"end":{"line":92,"column":44}},"25":{"start":{"line":93,"column":8},"end":{"line":93,"column":95}},"26":{"start":{"line":93,"column":26},"end":{"line":93,"column":95}},"27":{"start":{"line":94,"column":8},"end":{"line":94,"column":22}},"28":{"start":{"line":102,"column":25},"end":{"line":104,"column":10}},"29":{"start":{"line":106,"column":8},"end":{"line":109,"column":9}},"30":{"start":{"line":107,"column":25},"end":{"line":107,"column":46}},"31":{"start":{"line":108,"column":12},"end":{"line":108,"column":74}}},"fnMap":{"0":{"name":"(anonymous_0)","decl":{"start":{"line":23,"column":24},"end":{"line":23,"column":25}},"loc":{"start":{"line":27,"column":10},"end":{"line":36,"column":5}},"line":27},"1":{"name":"(anonymous_1)","decl":{"start":{"line":42,"column":20},"end":{"line":42,"column":21}},"loc":{"start":{"line":42,"column":88},"end":{"line":51,"column":5}},"line":42},"2":{"name":"(anonymous_2)","decl":{"start":{"line":57,"column":26},"end":{"line":57,"column":27}},"loc":{"start":{"line":57,"column":51},"end":{"line":79,"column":5}},"line":57},"3":{"name":"(anonymous_3)","decl":{"start":{"line":85,"column":19},"end":{"line":85,"column":20}},"loc":{"start":{"line":85,"column":76},"end":{"line":95,"column":5}},"line":85},"4":{"name":"(anonymous_4)","decl":{"start":{"line":101,"column":19},"end":{"line":101,"column":20}},"loc":{"start":{"line":101,"column":46},"end":{"line":110,"column":5}},"line":101}},"branchMap":{"0":{"loc":{"start":{"line":14,"column":0},"end":{"line":16,"column":1}},"type":"if","locations":[{"start":{"line":14,"column":0},"end":{"line":16,"column":1}},{"start":{},"end":{}}],"line":14},"1":{"loc":{"start":{"line":34,"column":8},"end":{"line":34,"column":87}},"type":"if","locations":[{"start":{"line":34,"column":8},"end":{"line":34,"column":87}},{"start":{},"end":{}}],"line":34},"2":{"loc":{"start":{"line":34,"column":42},"end":{"line":34,"column":85}},"type":"binary-expr","locations":[{"start":{"line":34,"column":42},"end":{"line":34,"column":53}},{"start":{"line":34,"column":57},"end":{"line":34,"column":85}}],"line":34},"3":{"loc":{"start":{"line":49,"column":8},"end":{"line":49,"column":88}},"type":"if","locations":[{"start":{"line":49,"column":8},"end":{"line":49,"column":88}},{"start":{},"end":{}}],"line":49},"4":{"loc":{"start":{"line":49,"column":42},"end":{"line":49,"column":86}},"type":"binary-expr","locations":[{"start":{"line":49,"column":42},"end":{"line":49,"column":53}},{"start":{"line":49,"column":57},"end":{"line":49,"column":86}}],"line":49},"5":{"loc":{"start":{"line":68,"column":21},"end":{"line":68,"column":49}},"type":"cond-expr","locations":[{"start":{"line":68,"column":28},"end":{"line":68,"column":44}},{"start":{"line":68,"column":47},"end":{"line":68,"column":49}}],"line":68},"6":{"loc":{"start":{"line":74,"column":8},"end":{"line":76,"column":9}},"type":"if","locations":[{"start":{"line":74,"column":8},"end":{"line":76,"column":9}},{"start":{},"end":{}}],"line":74},"7":{"loc":{"start":{"line":75,"column":28},"end":{"line":75,"column":93}},"type":"binary-expr","locations":[{"start":{"line":75,"column":28},"end":{"line":75,"column":39}},{"start":{"line":75,"column":43},"end":{"line":75,"column":93}}],"line":75},"8":{"loc":{"start":{"line":93,"column":8},"end":{"line":93,"column":95}},"type":"if","locations":[{"start":{"line":93,"column":8},"end":{"line":93,"column":95}},{"start":{},"end":{}}],"line":93},"9":{"loc":{"start":{"line":93,"column":42},"end":{"line":93,"column":93}},"type":"binary-expr","locations":[{"start":{"line":93,"column":42},"end":{"line":93,"column":53}},{"start":{"line":93,"column":57},"end":{"line":93,"column":93}}],"line":93},"10":{"loc":{"start":{"line":106,"column":8},"end":{"line":109,"column":9}},"type":"if","locations":[{"start":{"line":106,"column":8},"end":{"line":109,"column":9}},{"start":{},"end":{}}],"line":106},"11":{"loc":{"start":{"line":108,"column":28},"end":{"line":108,"column":72}},"type":"binary-expr","locations":[{"start":{"line":108,"column":28},"end":{"line":108,"column":36}},{"start":{"line":108,"column":40},"end":{"line":108,"column":72}}],"line":108}},"s":{"0":0,"1":0,"2":0,"3":0,"4":0,"5":0,"6":0,"7":0,"8":0,"9":0,"10":0,"11":0,"12":0,"13":0,"14":0,"15":0,"16":0,"17":0,"18":0,"19":0,"20":0,"21":0,"22":0,"23":0,"24":0,"25":0,"26":0,"27":0,"28":0,"29":0,"30":0,"31":0},"f":{"0":0,"1":0,"2":0,"3":0,"4":0},"b":{"0":[0,0],"1":[0,0],"2":[0,0],"3":[0,0],"4":[0,0],"5":[0,0],"6":[0,0],"7":[0,0],"8":[0,0],"9":[0,0],"10":[0,0],"11":[0,0]}}
,"C:\\Users\\Nelson\\Desktop\\PROYECTOS\\BOOST A PROJECT\\Plataforma-inversion\\src\\frontend\\lib\\utils\\fetchWithAuth.ts": {"path":"C:\\Users\\Nelson\\Desktop\\PROYECTOS\\BOOST A PROJECT\\Plataforma-inversion\\src\\frontend\\lib\\utils\\fetchWithAuth.ts","statementMap":{"0":{"start":{"line":16,"column":21},"end":{"line":29,"column":1}},"1":{"start":{"line":17,"column":22},"end":{"line":17,"column":51}},"2":{"start":{"line":18,"column":23},"end":{"line":18,"column":79}},"3":{"start":{"line":19,"column":20},"end":{"line":19,"column":46}},"4":{"start":{"line":21,"column":4},"end":{"line":26,"column":5}},"5":{"start":{"line":22,"column":23},"end":{"line":22,"column":31}},"6":{"start":{"line":23,"column":8},"end":{"line":25,"column":9}},"7":{"start":{"line":24,"column":12},"end":{"line":24,"column":55}},"8":{"start":{"line":28,"column":4},"end":{"line":28,"column":14}},"9":{"start":{"line":39,"column":29},"end":{"line":99,"column":1}},"10":{"start":{"line":43,"column":19},"end":{"line":43,"column":54}},"11":{"start":{"line":44,"column":22},"end":{"line":44,"column":73}},"12":{"start":{"line":45,"column":16},"end":{"line":45,"column":32}},"13":{"start":{"line":47,"column":22},"end":{"line":47,"column":39}},"14":{"start":{"line":49,"column":20},"end":{"line":53,"column":5}},"15":{"start":{"line":55,"column":32},"end":{"line":59,"column":5}},"16":{"start":{"line":61,"column":4},"end":{"line":98,"column":5}},"17":{"start":{"line":62,"column":25},"end":{"line":62,"column":51}},"18":{"start":{"line":64,"column":8},"end":{"line":66,"column":9}},"19":{"start":{"line":65,"column":12},"end":{"line":65,"column":28}},"20":{"start":{"line":68,"column":8},"end":{"line":68,"column":62}},"21":{"start":{"line":71,"column":28},"end":{"line":71,"column":57}},"22":{"start":{"line":73,"column":32},"end":{"line":83,"column":9}},"23":{"start":{"line":85,"column":8},"end":{"line":91,"column":9}},"24":{"start":{"line":86,"column":12},"end":{"line":86,"column":77}},"25":{"start":{"line":87,"column":12},"end":{"line":87,"column":44}},"26":{"start":{"line":88,"column":12},"end":{"line":88,"column":45}},"27":{"start":{"line":89,"column":12},"end":{"line":89,"column":34}},"28":{"start":{"line":90,"column":12},"end":{"line":90,"column":28}},"29":{"start":{"line":94,"column":8},"end":{"line":94,"column":68}},"30":{"start":{"line":96,"column":8},"end":{"line":96,"column":54}},"31":{"start":{"line":97,"column":8},"end":{"line":97,"column":18}}},"fnMap":{"0":{"name":"(anonymous_0)","decl":{"start":{"line":16,"column":21},"end":{"line":16,"column":22}},"loc":{"start":{"line":16,"column":46},"end":{"line":29,"column":1}},"line":16},"1":{"name":"(anonymous_1)","decl":{"start":{"line":39,"column":29},"end":{"line":39,"column":30}},"loc":{"start":{"line":42,"column":24},"end":{"line":99,"column":1}},"line":42}},"branchMap":{"0":{"loc":{"start":{"line":18,"column":23},"end":{"line":18,"column":79}},"type":"cond-expr","locations":[{"start":{"line":18,"column":35},"end":{"line":18,"column":56}},{"start":{"line":18,"column":59},"end":{"line":18,"column":79}}],"line":18},"1":{"loc":{"start":{"line":23,"column":8},"end":{"line":25,"column":9}},"type":"if","locations":[{"start":{"line":23,"column":8},"end":{"line":25,"column":9}},{"start":{},"end":{}}],"line":23},"2":{"loc":{"start":{"line":41,"column":4},"end":{"line":41,"column":35}},"type":"default-arg","locations":[{"start":{"line":41,"column":33},"end":{"line":41,"column":35}}],"line":41},"3":{"loc":{"start":{"line":43,"column":19},"end":{"line":43,"column":54}},"type":"binary-expr","locations":[{"start":{"line":43,"column":19},"end":{"line":43,"column":45}},{"start":{"line":43,"column":49},"end":{"line":43,"column":54}}],"line":43},"4":{"loc":{"start":{"line":50,"column":12},"end":{"line":50,"column":30}},"type":"binary-expr","locations":[{"start":{"line":50,"column":12},"end":{"line":50,"column":24}},{"start":{"line":50,"column":28},"end":{"line":50,"column":30}}],"line":50},"5":{"loc":{"start":{"line":51,"column":12},"end":{"line":51,"column":54}},"type":"binary-expr","locations":[{"start":{"line":51,"column":12},"end":{"line":51,"column":21}},{"start":{"line":51,"column":25},"end":{"line":51,"column":54}}],"line":51},"6":{"loc":{"start":{"line":64,"column":8},"end":{"line":66,"column":9}},"type":"if","locations":[{"start":{"line":64,"column":8},"end":{"line":66,"column":9}},{"start":{},"end":{}}],"line":64},"7":{"loc":{"start":{"line":64,"column":12},"end":{"line":64,"column":49}},"type":"binary-expr","locations":[{"start":{"line":64,"column":12},"end":{"line":64,"column":35}},{"start":{"line":64,"column":39},"end":{"line":64,"column":49}}],"line":64},"8":{"loc":{"start":{"line":85,"column":8},"end":{"line":91,"column":9}},"type":"if","locations":[{"start":{"line":85,"column":8},"end":{"line":91,"column":9}},{"start":{},"end":{}}],"line":85}},"s":{"0":2,"1":1,"2":1,"3":1,"4":1,"5":1,"6":1,"7":0,"8":1,"9":2,"10":1,"11":1,"12":1,"13":1,"14":1,"15":1,"16":1,"17":1,"18":1,"19":1,"20":0,"21":0,"22":0,"23":0,"24":0,"25":0,"26":0,"27":0,"28":0,"29":0,"30":0,"31":0},"f":{"0":1,"1":1},"b":{"0":[0,1],"1":[0,1],"2":[0],"3":[1,0],"4":[1,1],"5":[1,1],"6":[1,0],"7":[1,0],"8":[0,0]},"_coverageSchema":"1a1c01bbd47fc00a2c39e90264f33305004495a9","hash":"7a04f4f0890d023f2d1df925ee929965b4c3ccba"}
,"C:\\Users\\Nelson\\Desktop\\PROYECTOS\\BOOST A PROJECT\\Plataforma-inversion\\src\\frontend\\lib\\utils\\string-utils.ts": {"path":"C:\\Users\\Nelson\\Desktop\\PROYECTOS\\BOOST A PROJECT\\Plataforma-inversion\\src\\frontend\\lib\\utils\\string-utils.ts","statementMap":{"0":{"start":{"line":19,"column":26},"end":{"line":26,"column":3}},"1":{"start":{"line":20,"column":4},"end":{"line":25,"column":31}}},"fnMap":{"0":{"name":"(anonymous_0)","decl":{"start":{"line":19,"column":26},"end":{"line":19,"column":27}},"loc":{"start":{"line":19,"column":52},"end":{"line":26,"column":3}},"line":19}},"branchMap":{},"s":{"0":0,"1":0},"f":{"0":0},"b":{}}
,"C:\\Users\\Nelson\\Desktop\\PROYECTOS\\BOOST A PROJECT\\Plataforma-inversion\\src\\frontend\\types\\blog.ts": {"path":"C:\\Users\\Nelson\\Desktop\\PROYECTOS\\BOOST A PROJECT\\Plataforma-inversion\\src\\frontend\\types\\blog.ts","statementMap":{},"fnMap":{},"branchMap":{},"s":{},"f":{},"b":{}}
,"C:\\Users\\Nelson\\Desktop\\PROYECTOS\\BOOST A PROJECT\\Plataforma-inversion\\src\\frontend\\types\\index.ts": {"path":"C:\\Users\\Nelson\\Desktop\\PROYECTOS\\BOOST A PROJECT\\Plataforma-inversion\\src\\frontend\\types\\index.ts","statementMap":{},"fnMap":{},"branchMap":{},"s":{},"f":{},"b":{}}
}
