TN:
SF:.babelrc.js
FNF:0
FNH:0
DA:8,0
LF:1
LH:0
BRF:0
BRH:0
end_of_record
TN:
SF:jest.config.ts
FNF:0
FNH:0
DA:12,0
LF:1
LH:0
BRF:0
BRH:0
end_of_record
TN:
SF:next.config.js
FN:43,(anonymous_0)
FNF:1
FNH:0
FNDA:0,(anonymous_0)
DA:13,0
DA:44,0
DA:53,0
LF:3
LH:0
BRDA:26,0,0,0
BRDA:26,0,1,0
BRF:2
BRH:0
end_of_record
TN:
SF:postcss.config.js
FNF:0
FNH:0
DA:1,0
LF:1
LH:0
BRF:0
BRH:0
end_of_record
TN:
SF:tailwind.config.js
FNF:0
FNH:0
DA:2,0
LF:1
LH:0
BRF:0
BRH:0
end_of_record
TN:
SF:__tests__\utils\test-utils.tsx
FN:14,(anonymous_0)
FN:23,(anonymous_1)
FNF:2
FNH:2
FNDA:48,(anonymous_0)
FNDA:48,(anonymous_1)
DA:14,17
DA:15,48
DA:23,17
DA:26,48
LF:4
LH:4
BRF:0
BRH:0
end_of_record
TN:
SF:app\layout.tsx
FN:29,RootLayout
FNF:1
FNH:0
FNDA:0,RootLayout
DA:10,0
DA:15,0
DA:20,0
DA:34,0
LF:4
LH:0
BRF:0
BRH:0
end_of_record
TN:
SF:app\page.tsx
FN:10,Home
FNF:1
FNH:0
FNDA:0,Home
DA:11,0
LF:1
LH:0
BRF:0
BRH:0
end_of_record
TN:
SF:app\(auth)\login\page.tsx
FN:17,LoginPage
FNF:1
FNH:0
FNDA:0,LoginPage
DA:12,0
DA:18,0
LF:2
LH:0
BRF:0
BRH:0
end_of_record
TN:
SF:app\(auth)\signup\page.tsx
FN:11,SignupPage
FNF:1
FNH:0
FNDA:0,SignupPage
DA:6,0
DA:12,0
LF:2
LH:0
BRF:0
BRH:0
end_of_record
TN:
SF:app\(user_private)\layout.tsx
FN:15,PerfilLayout
FNF:1
FNH:0
FNDA:0,PerfilLayout
DA:10,0
DA:20,0
LF:2
LH:0
BRF:0
BRH:0
end_of_record
TN:
SF:app\(user_private)\dashboard\page.tsx
FN:12,(anonymous_0)
FN:44,(anonymous_1)
FNF:2
FNH:0
FNDA:0,(anonymous_0)
FNDA:0,(anonymous_1)
DA:12,0
DA:13,0
DA:31,0
DA:45,0
LF:4
LH:0
BRF:0
BRH:0
end_of_record
TN:
SF:app\(user_private)\perfil\layout.tsx
FN:13,PerfilLayout
FNF:1
FNH:0
FNDA:0,PerfilLayout
DA:8,0
DA:18,0
LF:2
LH:0
BRF:0
BRH:0
end_of_record
TN:
SF:app\(user_private)\perfil\page.tsx
FN:18,PerfilPage
FNF:1
FNH:0
FNDA:0,PerfilPage
DA:13,0
DA:19,0
LF:2
LH:0
BRF:0
BRH:0
end_of_record
TN:
SF:app\admin\layout.tsx
FN:14,AdminLayout
FNF:1
FNH:0
FNDA:0,AdminLayout
DA:19,0
DA:22,0
DA:23,0
DA:25,0
LF:4
LH:0
BRDA:27,0,0,0
BRDA:27,0,1,0
BRDA:29,1,0,0
BRDA:29,1,1,0
BRF:4
BRH:0
end_of_record
TN:
SF:app\admin\page.tsx
FN:17,(anonymous_0)
FN:21,(anonymous_1)
FNF:2
FNH:0
FNDA:0,(anonymous_0)
FNDA:0,(anonymous_1)
DA:17,0
DA:18,0
DA:19,0
DA:21,0
DA:22,0
DA:23,0
DA:27,0
DA:29,0
LF:8
LH:0
BRDA:22,0,0,0
BRDA:22,0,1,0
BRDA:22,1,0,0
BRDA:22,1,1,0
BRDA:27,2,0,0
BRDA:27,2,1,0
BRDA:27,3,0,0
BRDA:27,3,1,0
BRF:8
BRH:0
end_of_record
TN:
SF:app\admin\blog\page.tsx
FN:18,(anonymous_0)
FN:22,(anonymous_1)
FN:23,(anonymous_2)
FN:37,(anonymous_3)
FN:43,(anonymous_4)
FN:43,(anonymous_5)
FN:80,(anonymous_6)
FNF:7
FNH:0
FNDA:0,(anonymous_0)
FNDA:0,(anonymous_1)
FNDA:0,(anonymous_2)
FNDA:0,(anonymous_3)
FNDA:0,(anonymous_4)
FNDA:0,(anonymous_5)
FNDA:0,(anonymous_6)
DA:18,0
DA:19,0
DA:20,0
DA:22,0
DA:23,0
DA:24,0
DA:25,0
DA:26,0
DA:28,0
DA:30,0
DA:34,0
DA:37,0
DA:38,0
DA:39,0
DA:41,0
DA:42,0
DA:43,0
DA:45,0
DA:49,0
DA:81,0
LF:20
LH:0
BRDA:39,0,0,0
BRDA:39,0,1,0
BRDA:69,1,0,0
BRDA:69,1,1,0
BRDA:71,2,0,0
BRDA:71,2,1,0
BRF:6
BRH:0
end_of_record
TN:
SF:app\admin\blog\editar\[slug]\layout.tsx
FN:22,EditArticleLayout
FNF:1
FNH:0
FNDA:0,EditArticleLayout
DA:4,0
DA:23,0
LF:2
LH:0
BRF:0
BRH:0
end_of_record
TN:
SF:app\admin\blog\editar\[slug]\page.tsx
FN:22,EditArticlePage
FN:30,(anonymous_1)
FN:32,(anonymous_2)
FN:47,(anonymous_3)
FN:62,(anonymous_4)
FNF:5
FNH:0
FNDA:0,EditArticlePage
FNDA:0,(anonymous_1)
FNDA:0,(anonymous_2)
FNDA:0,(anonymous_3)
FNDA:0,(anonymous_4)
DA:23,0
DA:24,0
DA:25,0
DA:26,0
DA:28,0
DA:30,0
DA:31,0
DA:32,0
DA:33,0
DA:34,0
DA:35,0
DA:37,0
DA:39,0
DA:43,0
DA:47,0
DA:48,0
DA:49,0
DA:50,0
DA:51,0
DA:53,0
DA:54,0
DA:58,0
DA:62,0
LF:23
LH:0
BRDA:28,0,0,0
BRDA:28,0,1,0
BRDA:31,1,0,0
BRDA:31,1,1,0
BRDA:67,2,0,0
BRDA:67,2,1,0
BRDA:70,3,0,0
BRDA:70,3,1,0
BRF:8
BRH:0
end_of_record
TN:
SF:app\admin\blog\new-article\NewArticle.tsx
FN:18,(anonymous_0)
FN:21,(anonymous_1)
FNF:2
FNH:0
FNDA:0,(anonymous_0)
FNDA:0,(anonymous_1)
DA:18,0
DA:19,0
DA:21,0
DA:22,0
DA:23,0
DA:24,0
DA:26,0
DA:28,0
DA:30,0
DA:31,0
DA:35,0
LF:11
LH:0
BRDA:23,0,0,0
BRDA:23,0,1,0
BRDA:28,1,0,0
BRDA:28,1,1,0
BRDA:31,2,0,0
BRDA:31,2,1,0
BRF:6
BRH:0
end_of_record
TN:
SF:app\admin\blog\new-article\page.tsx
FN:9,Page
FNF:1
FNH:0
FNDA:0,Page
DA:4,0
DA:10,0
LF:2
LH:0
BRF:0
BRH:0
end_of_record
TN:
SF:app\admin\perfil\layout.tsx
FN:14,AdminPerfilLayout
FNF:1
FNH:0
FNDA:0,AdminPerfilLayout
DA:9,0
DA:19,0
LF:2
LH:0
BRF:0
BRH:0
end_of_record
TN:
SF:app\admin\perfil\page.tsx
FN:20,AdminPerfilPage
FNF:1
FNH:0
FNDA:0,AdminPerfilPage
DA:14,0
DA:21,0
LF:2
LH:0
BRF:0
BRH:0
end_of_record
TN:
SF:app\blog\layout.tsx
FN:26,BlogLayout
FNF:1
FNH:0
FNDA:0,BlogLayout
DA:4,0
DA:31,0
LF:2
LH:0
BRDA:5,0,0,0
BRDA:5,0,1,0
BRF:2
BRH:0
end_of_record
TN:
SF:app\blog\page.tsx
FN:19,(anonymous_0)
FN:25,(anonymous_1)
FN:29,(anonymous_2)
FN:30,(anonymous_3)
FN:78,(anonymous_4)
FN:87,(anonymous_5)
FN:95,(anonymous_6)
FNF:7
FNH:0
FNDA:0,(anonymous_0)
FNDA:0,(anonymous_1)
FNDA:0,(anonymous_2)
FNDA:0,(anonymous_3)
FNDA:0,(anonymous_4)
FNDA:0,(anonymous_5)
FNDA:0,(anonymous_6)
DA:19,0
DA:20,0
DA:21,0
DA:22,0
DA:23,0
DA:25,0
DA:26,0
DA:29,0
DA:30,0
DA:31,0
DA:32,0
DA:33,0
DA:34,0
DA:35,0
DA:37,0
DA:39,0
DA:43,0
DA:46,0
DA:47,0
DA:60,0
DA:79,0
DA:87,0
DA:95,0
LF:23
LH:0
BRDA:46,0,0,0
BRDA:46,0,1,0
BRDA:70,1,0,0
BRDA:70,1,1,0
BRDA:85,2,0,0
BRDA:85,2,1,0
BRDA:93,3,0,0
BRDA:93,3,1,0
BRF:8
BRH:0
end_of_record
TN:
SF:app\blog\[slug]\page.tsx
FN:13,(anonymous_0)
FN:22,(anonymous_1)
FN:23,(anonymous_2)
FN:43,(anonymous_3)
FN:103,(anonymous_4)
FNF:5
FNH:0
FNDA:0,(anonymous_0)
FNDA:0,(anonymous_1)
FNDA:0,(anonymous_2)
FNDA:0,(anonymous_3)
FNDA:0,(anonymous_4)
DA:13,0
DA:14,0
DA:15,0
DA:17,0
DA:18,0
DA:19,0
DA:20,0
DA:22,0
DA:23,0
DA:24,0
DA:25,0
DA:27,0
DA:28,0
DA:29,0
DA:32,0
DA:34,0
DA:35,0
DA:38,0
DA:41,0
DA:43,0
DA:44,0
DA:47,0
DA:48,0
DA:50,0
DA:54,0
DA:57,0
DA:58,0
DA:73,0
DA:74,0
DA:99,0
DA:103,0
LF:31
LH:0
BRDA:28,0,0,0
BRDA:28,0,1,0
BRDA:34,1,0,0
BRDA:34,1,1,0
BRDA:48,2,0,0
BRDA:48,2,1,0
BRDA:57,3,0,0
BRDA:57,3,1,0
BRDA:73,4,0,0
BRDA:73,4,1,0
BRDA:73,5,0,0
BRDA:73,5,1,0
BRDA:85,6,0,0
BRDA:85,6,1,0
BRDA:108,7,0,0
BRDA:108,7,1,0
BRF:16
BRH:0
end_of_record
TN:
SF:app\recuperar-contrasena\page.tsx
FN:16,ForgotPasswordPage
FNF:1
FNH:0
FNDA:0,ForgotPasswordPage
DA:11,0
DA:17,0
LF:2
LH:0
BRF:0
BRH:0
end_of_record
TN:
SF:app\reset-password\page.tsx
FN:15,ResetPasswordPage
FNF:1
FNH:0
FNDA:0,ResetPasswordPage
DA:10,0
DA:16,0
LF:2
LH:0
BRF:0
BRH:0
end_of_record
TN:
SF:components\Home\ActiveProjects.tsx
FN:38,(anonymous_0)
FN:62,(anonymous_1)
FNF:2
FNH:0
FNDA:0,(anonymous_0)
FNDA:0,(anonymous_1)
DA:11,0
DA:38,0
DA:39,0
DA:63,0
LF:4
LH:0
BRDA:77,0,0,0
BRDA:77,0,1,0
BRF:2
BRH:0
end_of_record
TN:
SF:components\Home\CompanyValues.tsx
FN:33,(anonymous_0)
FN:43,(anonymous_1)
FNF:2
FNH:0
FNDA:0,(anonymous_0)
FNDA:0,(anonymous_1)
DA:6,0
DA:33,0
DA:34,0
DA:44,0
LF:4
LH:0
BRF:0
BRH:0
end_of_record
TN:
SF:components\Home\ContactCTA.tsx
FN:8,(anonymous_0)
FNF:1
FNH:0
FNDA:0,(anonymous_0)
DA:8,0
DA:9,0
LF:2
LH:0
BRF:0
BRH:0
end_of_record
TN:
SF:components\Home\HeroSection.tsx
FN:6,(anonymous_0)
FNF:1
FNH:0
FNDA:0,(anonymous_0)
DA:6,0
DA:7,0
LF:2
LH:0
BRF:0
BRH:0
end_of_record
TN:
SF:components\Home\InvestmentProcess.tsx
FN:42,(anonymous_0)
FN:64,(anonymous_1)
FN:91,(anonymous_2)
FNF:3
FNH:0
FNDA:0,(anonymous_0)
FNDA:0,(anonymous_1)
FNDA:0,(anonymous_2)
DA:8,0
DA:35,0
DA:42,0
DA:43,0
DA:65,0
DA:92,0
LF:6
LH:0
BRF:0
BRH:0
end_of_record
TN:
SF:components\Home\InvestorSupport.tsx
FN:7,(anonymous_0)
FNF:1
FNH:0
FNDA:0,(anonymous_0)
DA:7,0
DA:8,0
LF:2
LH:0
BRF:0
BRH:0
end_of_record
TN:
SF:components\Home\ValueProposition.tsx
FN:8,(anonymous_0)
FNF:1
FNH:0
FNDA:0,(anonymous_0)
DA:8,0
DA:9,0
LF:2
LH:0
BRF:0
BRH:0
end_of_record
TN:
SF:components\admin\blog\BlogArticleForm.tsx
FN:37,(anonymous_0)
FN:47,(anonymous_1)
FN:51,(anonymous_2)
FN:96,(anonymous_3)
FN:100,(anonymous_4)
FN:102,(anonymous_5)
FN:115,(anonymous_6)
FN:133,(anonymous_7)
FN:147,(anonymous_8)
FN:181,(anonymous_9)
FNF:10
FNH:2
FNDA:1,(anonymous_0)
FNDA:1,(anonymous_1)
FNDA:0,(anonymous_2)
FNDA:0,(anonymous_3)
FNDA:0,(anonymous_4)
FNDA:0,(anonymous_5)
FNDA:0,(anonymous_6)
FNDA:0,(anonymous_7)
FNDA:0,(anonymous_8)
FNDA:0,(anonymous_9)
DA:37,1
DA:38,1
DA:39,1
DA:40,1
DA:41,1
DA:42,1
DA:43,1
DA:44,1
DA:45,1
DA:47,1
DA:48,1
DA:51,1
DA:52,0
DA:54,0
DA:56,0
DA:57,0
DA:60,0
DA:61,0
DA:64,0
DA:65,0
DA:67,0
DA:68,0
DA:71,0
DA:72,0
DA:75,0
DA:76,0
DA:79,0
DA:80,0
DA:81,0
DA:84,0
DA:93,0
DA:96,1
DA:97,0
DA:100,1
DA:101,0
DA:102,0
DA:105,1
DA:106,0
DA:115,0
DA:120,1
DA:133,0
DA:147,0
DA:181,0
LF:43
LH:16
BRDA:38,0,0,1
BRDA:38,0,1,1
BRDA:39,1,0,1
BRDA:39,1,1,1
BRDA:40,2,0,1
BRDA:40,2,1,1
BRDA:41,3,0,1
BRDA:41,3,1,1
BRDA:42,4,0,1
BRDA:42,4,1,1
BRDA:43,5,0,1
BRDA:43,5,1,1
BRDA:48,6,0,0
BRDA:48,6,1,1
BRDA:56,7,0,0
BRDA:56,7,1,0
BRDA:56,8,0,0
BRDA:56,8,1,0
BRDA:60,9,0,0
BRDA:60,9,1,0
BRDA:60,10,0,0
BRDA:60,10,1,0
BRDA:67,11,0,0
BRDA:67,11,1,0
BRDA:71,12,0,0
BRDA:71,12,1,0
BRDA:75,13,0,0
BRDA:75,13,1,0
BRDA:75,14,0,0
BRDA:75,14,1,0
BRDA:79,15,0,0
BRDA:79,15,1,0
BRDA:105,16,0,0
BRDA:105,16,1,1
BRDA:124,17,0,0
BRDA:124,17,1,1
BRDA:139,18,0,1
BRDA:139,18,1,0
BRDA:153,19,0,1
BRDA:153,19,1,0
BRDA:163,20,0,1
BRDA:163,20,1,0
BRDA:170,21,0,1
BRDA:170,21,1,0
BRDA:176,22,0,1
BRDA:176,22,1,0
BRDA:189,23,0,0
BRDA:189,23,1,1
BRF:48
BRH:21
end_of_record
TN:
SF:components\admin\blog\helpers\htmlFormatter.ts
FN:18,formatToHtml
FN:26,(anonymous_1)
FN:97,sanitizeHtml
FN:106,ensureProperNesting
FN:115,htmlToPlainTextForDebugging
FNF:5
FNH:0
FNDA:0,formatToHtml
FNDA:0,(anonymous_1)
FNDA:0,sanitizeHtml
FNDA:0,ensureProperNesting
FNDA:0,htmlToPlainTextForDebugging
DA:19,0
DA:21,0
DA:22,0
DA:23,0
DA:24,0
DA:26,0
DA:27,0
DA:28,0
DA:29,0
DA:30,0
DA:34,0
DA:35,0
DA:36,0
DA:37,0
DA:38,0
DA:41,0
DA:42,0
DA:45,0
DA:51,0
DA:53,0
DA:54,0
DA:55,0
DA:56,0
DA:57,0
DA:60,0
DA:61,0
DA:62,0
DA:63,0
DA:64,0
DA:65,0
DA:66,0
DA:68,0
DA:69,0
DA:72,0
DA:73,0
DA:74,0
DA:75,0
DA:76,0
DA:77,0
DA:78,0
DA:80,0
DA:81,0
DA:84,0
DA:85,0
DA:88,0
DA:89,0
DA:98,0
DA:99,0
DA:100,0
DA:107,0
DA:116,0
LF:51
LH:0
BRDA:19,0,0,0
BRDA:19,0,1,0
BRDA:19,1,0,0
BRDA:19,1,1,0
BRDA:27,2,0,0
BRDA:27,2,1,0
BRDA:36,3,0,0
BRDA:36,3,1,0
BRDA:41,4,0,0
BRDA:41,4,1,0
BRDA:42,5,0,0
BRDA:42,5,1,0
BRDA:45,6,0,0
BRDA:45,6,1,0
BRDA:45,6,2,0
BRDA:45,6,3,0
BRDA:45,6,4,0
BRDA:45,6,5,0
BRDA:53,7,0,0
BRDA:53,7,1,0
BRDA:61,8,0,0
BRDA:61,8,1,0
BRDA:62,9,0,0
BRDA:62,9,1,0
BRDA:62,10,0,0
BRDA:62,10,1,0
BRDA:73,11,0,0
BRDA:73,11,1,0
BRDA:74,12,0,0
BRDA:74,12,1,0
BRDA:74,13,0,0
BRDA:74,13,1,0
BRF:32
BRH:0
end_of_record
TN:
SF:components\admin\ui\AdminCard.tsx
FN:21,(anonymous_0)
FNF:1
FNH:0
FNDA:0,(anonymous_0)
DA:21,0
DA:27,0
LF:2
LH:0
BRF:0
BRH:0
end_of_record
TN:
SF:components\admin\ui\blog\ArticlePreview.tsx
FN:20,(anonymous_0)
FNF:1
FNH:0
FNDA:0,(anonymous_0)
DA:20,1
DA:25,0
DA:38,0
LF:3
LH:1
BRF:0
BRH:0
end_of_record
TN:
SF:components\admin\ui\blog\ArticlesSelector.tsx
FN:17,(anonymous_0)
FN:22,(anonymous_1)
FN:23,(anonymous_2)
FN:40,(anonymous_3)
FN:42,(anonymous_4)
FN:62,(anonymous_5)
FN:65,(anonymous_6)
FNF:7
FNH:4
FNDA:2,(anonymous_0)
FNDA:1,(anonymous_1)
FNDA:1,(anonymous_2)
FNDA:0,(anonymous_3)
FNDA:0,(anonymous_4)
FNDA:3,(anonymous_5)
FNDA:0,(anonymous_6)
DA:17,1
DA:18,2
DA:19,2
DA:20,2
DA:22,2
DA:23,1
DA:24,1
DA:25,1
DA:26,1
DA:27,1
DA:28,1
DA:30,0
DA:31,0
DA:33,1
DA:37,1
DA:40,2
DA:41,0
DA:42,0
DA:44,0
DA:45,0
DA:49,2
DA:63,3
DA:65,0
LF:23
LH:16
BRDA:41,0,0,0
BRDA:41,0,1,0
BRDA:44,1,0,0
BRDA:44,1,1,0
BRDA:55,2,0,1
BRDA:55,2,1,1
BRDA:57,3,0,0
BRDA:57,3,1,1
BRDA:59,4,0,0
BRDA:59,4,1,1
BRDA:68,5,0,0
BRDA:68,5,1,3
BRDA:78,6,0,2
BRDA:78,6,1,2
BRF:14
BRH:7
end_of_record
TN:
SF:components\admin\ui\blog\BlogArticleCard.tsx
FN:13,(anonymous_0)
FN:14,(anonymous_1)
FN:51,(anonymous_2)
FNF:3
FNH:0
FNDA:0,(anonymous_0)
FNDA:0,(anonymous_1)
FNDA:0,(anonymous_2)
DA:13,0
DA:14,0
DA:15,0
DA:21,0
DA:51,0
LF:5
LH:0
BRF:0
BRH:0
end_of_record
TN:
SF:components\admin\ui\blog\EditorContentArticle.tsx
FN:20,(anonymous_0)
FN:25,(anonymous_1)
FN:33,(anonymous_2)
FNF:3
FNH:2
FNDA:1,(anonymous_0)
FNDA:0,(anonymous_1)
FNDA:1,(anonymous_2)
DA:20,1
DA:21,1
DA:22,1
DA:23,1
DA:25,1
DA:26,0
DA:27,0
DA:28,0
DA:29,0
DA:30,0
DA:33,1
DA:34,1
DA:35,0
DA:36,0
DA:37,0
DA:38,0
DA:42,1
LF:17
LH:8
BRDA:34,0,0,0
BRDA:34,0,1,1
BRDA:34,1,0,1
BRDA:34,1,1,0
BRF:4
BRH:2
end_of_record
TN:
SF:components\admin\ui\blog\WordCounter.tsx
FN:23,(anonymous_0)
FN:32,(anonymous_1)
FN:40,(anonymous_2)
FN:44,(anonymous_3)
FN:51,(anonymous_4)
FN:56,(anonymous_5)
FNF:6
FNH:3
FNDA:1,(anonymous_0)
FNDA:0,(anonymous_1)
FNDA:0,(anonymous_2)
FNDA:1,(anonymous_3)
FNDA:0,(anonymous_4)
FNDA:1,(anonymous_5)
DA:23,1
DA:28,1
DA:29,1
DA:32,1
DA:33,0
DA:36,0
DA:38,0
DA:40,0
DA:44,1
DA:46,1
DA:47,0
DA:51,1
DA:52,0
DA:56,1
DA:57,1
DA:58,1
DA:64,1
DA:67,1
DA:69,1
LF:19
LH:13
BRDA:25,0,0,1
BRDA:26,1,0,1
BRDA:33,2,0,0
BRDA:33,2,1,0
BRDA:46,3,0,0
BRDA:46,3,1,1
BRDA:57,4,0,1
BRDA:57,4,1,0
BRDA:67,5,0,0
BRDA:67,5,1,1
BRDA:82,6,0,1
BRDA:82,6,1,1
BRF:12
BRH:7
end_of_record
TN:
SF:components\articles\ArticleContent.tsx
FN:10,(anonymous_0)
FN:12,(anonymous_1)
FN:19,(anonymous_2)
FN:26,(anonymous_3)
FNF:4
FNH:0
FNDA:0,(anonymous_0)
FNDA:0,(anonymous_1)
FNDA:0,(anonymous_2)
FNDA:0,(anonymous_3)
DA:10,1
DA:12,0
DA:13,0
DA:19,0
DA:20,0
DA:26,0
DA:27,0
DA:33,0
LF:8
LH:1
BRDA:37,0,0,0
BRDA:37,0,1,0
BRF:2
BRH:0
end_of_record
TN:
SF:components\articles\ArticleHeader.tsx
FN:14,(anonymous_0)
FN:23,(anonymous_1)
FN:54,(anonymous_2)
FNF:3
FNH:0
FNDA:0,(anonymous_0)
FNDA:0,(anonymous_1)
FNDA:0,(anonymous_2)
DA:14,1
DA:15,0
DA:16,0
DA:23,1
DA:24,0
DA:55,0
DA:56,0
LF:7
LH:2
BRDA:33,0,0,0
BRDA:33,0,1,0
BRDA:38,1,0,0
BRDA:38,1,1,0
BRDA:68,2,0,0
BRDA:68,2,1,0
BRDA:71,3,0,0
BRDA:71,3,1,0
BRDA:72,4,0,0
BRDA:72,4,1,0
BRF:10
BRH:0
end_of_record
TN:
SF:components\articles\ArticleRelated.tsx
FN:24,(anonymous_0)
FN:33,(anonymous_1)
FN:52,(anonymous_2)
FNF:3
FNH:0
FNDA:0,(anonymous_0)
FNDA:0,(anonymous_1)
FNDA:0,(anonymous_2)
DA:24,0
DA:25,0
DA:26,0
DA:33,0
DA:34,0
DA:36,0
DA:53,0
LF:7
LH:0
BRDA:34,0,0,0
BRDA:34,0,1,0
BRDA:34,1,0,0
BRDA:34,1,1,0
BRDA:45,2,0,0
BRDA:45,2,1,0
BRDA:47,3,0,0
BRDA:47,3,1,0
BRDA:62,4,0,0
BRDA:62,4,1,0
BRDA:73,5,0,0
BRDA:73,5,1,0
BRDA:75,6,0,0
BRDA:75,6,1,0
BRF:14
BRH:0
end_of_record
TN:
SF:components\auth\ForgotPasswordForm.tsx
FN:15,(anonymous_0)
FN:19,(anonymous_1)
FN:49,(anonymous_2)
FNF:3
FNH:0
FNDA:0,(anonymous_0)
FNDA:0,(anonymous_1)
FNDA:0,(anonymous_2)
DA:15,0
DA:16,0
DA:17,0
DA:19,0
DA:20,0
DA:21,0
DA:23,0
DA:24,0
DA:25,0
DA:27,0
DA:31,0
DA:49,0
LF:12
LH:0
BRDA:60,0,0,0
BRDA:60,0,1,0
BRDA:64,1,0,0
BRDA:64,1,1,0
BRDA:70,2,0,0
BRDA:70,2,1,0
BRF:6
BRH:0
end_of_record
TN:
SF:components\auth\LoginForm.tsx
FN:16,(anonymous_0)
FN:23,(anonymous_1)
FN:51,(anonymous_2)
FN:61,(anonymous_3)
FN:66,(anonymous_4)
FNF:5
FNH:0
FNDA:0,(anonymous_0)
FNDA:0,(anonymous_1)
FNDA:0,(anonymous_2)
FNDA:0,(anonymous_3)
FNDA:0,(anonymous_4)
DA:16,0
DA:17,0
DA:18,0
DA:19,0
DA:20,0
DA:21,0
DA:23,0
DA:24,0
DA:25,0
DA:26,0
DA:30,0
DA:51,0
DA:61,0
DA:66,0
LF:14
LH:0
BRDA:40,0,0,0
BRDA:40,0,1,0
BRDA:59,1,0,0
BRDA:59,1,1,0
BRDA:68,2,0,0
BRDA:68,2,1,0
BRDA:79,3,0,0
BRDA:79,3,1,0
BRF:8
BRH:0
end_of_record
TN:
SF:components\auth\ResetPasswordForm.tsx
FN:17,(anonymous_0)
FN:29,(anonymous_1)
FN:78,(anonymous_2)
FN:83,(anonymous_3)
FN:95,(anonymous_4)
FN:100,(anonymous_5)
FN:129,(anonymous_6)
FNF:7
FNH:0
FNDA:0,(anonymous_0)
FNDA:0,(anonymous_1)
FNDA:0,(anonymous_2)
FNDA:0,(anonymous_3)
FNDA:0,(anonymous_4)
FNDA:0,(anonymous_5)
FNDA:0,(anonymous_6)
DA:17,0
DA:18,0
DA:19,0
DA:20,0
DA:21,0
DA:22,0
DA:23,0
DA:25,0
DA:26,0
DA:27,0
DA:29,0
DA:30,0
DA:31,0
DA:33,0
DA:34,0
DA:35,0
DA:38,0
DA:39,0
DA:40,0
DA:43,0
DA:44,0
DA:45,0
DA:48,0
DA:50,0
DA:51,0
DA:52,0
DA:54,0
DA:55,0
DA:59,0
DA:78,0
DA:83,0
DA:95,0
DA:100,0
DA:129,0
LF:34
LH:0
BRDA:33,0,0,0
BRDA:33,0,1,0
BRDA:38,1,0,0
BRDA:38,1,1,0
BRDA:43,2,0,0
BRDA:43,2,1,0
BRDA:54,3,0,0
BRDA:54,3,1,0
BRDA:76,4,0,0
BRDA:76,4,1,0
BRDA:85,5,0,0
BRDA:85,5,1,0
BRDA:93,6,0,0
BRDA:93,6,1,0
BRDA:102,7,0,0
BRDA:102,7,1,0
BRDA:113,8,0,0
BRDA:113,8,1,0
BRDA:117,9,0,0
BRDA:117,9,1,0
BRDA:121,10,0,0
BRDA:121,10,1,0
BRF:22
BRH:0
end_of_record
TN:
SF:components\auth\SignupForm.tsx
FN:8,(anonymous_0)
FN:19,(anonymous_1)
FN:60,(anonymous_2)
FN:70,(anonymous_3)
FN:80,(anonymous_4)
FN:86,(anonymous_5)
FN:98,(anonymous_6)
FN:104,(anonymous_7)
FNF:8
FNH:0
FNDA:0,(anonymous_0)
FNDA:0,(anonymous_1)
FNDA:0,(anonymous_2)
FNDA:0,(anonymous_3)
FNDA:0,(anonymous_4)
FNDA:0,(anonymous_5)
FNDA:0,(anonymous_6)
FNDA:0,(anonymous_7)
DA:8,0
DA:9,0
DA:10,0
DA:11,0
DA:12,0
DA:13,0
DA:14,0
DA:15,0
DA:17,0
DA:19,0
DA:20,0
DA:22,0
DA:23,0
DA:24,0
DA:27,0
DA:28,0
DA:29,0
DA:33,0
DA:60,0
DA:70,0
DA:80,0
DA:86,0
DA:98,0
DA:104,0
LF:24
LH:0
BRDA:22,0,0,0
BRDA:22,0,1,0
BRDA:43,1,0,0
BRDA:43,1,1,0
BRDA:49,2,0,0
BRDA:49,2,1,0
BRDA:78,3,0,0
BRDA:78,3,1,0
BRDA:88,4,0,0
BRDA:88,4,1,0
BRDA:96,5,0,0
BRDA:96,5,1,0
BRDA:106,6,0,0
BRDA:106,6,1,0
BRDA:117,7,0,0
BRDA:117,7,1,0
BRF:16
BRH:0
end_of_record
TN:
SF:components\blog\BlogArticleCard.tsx
FN:20,(anonymous_0)
FN:21,(anonymous_1)
FN:35,(anonymous_2)
FNF:3
FNH:0
FNDA:0,(anonymous_0)
FNDA:0,(anonymous_1)
FNDA:0,(anonymous_2)
DA:20,0
DA:21,0
DA:22,0
DA:23,0
DA:29,0
DA:35,0
DA:36,0
DA:37,0
DA:38,0
DA:41,0
DA:42,0
DA:44,0
LF:12
LH:0
BRDA:54,0,0,0
BRDA:54,0,1,0
BRDA:88,1,0,0
BRDA:88,1,1,0
BRF:4
BRH:0
end_of_record
TN:
SF:components\blog\BlogHeader.tsx
FN:5,(anonymous_0)
FNF:1
FNH:0
FNDA:0,(anonymous_0)
DA:5,0
DA:6,0
LF:2
LH:0
BRF:0
BRH:0
end_of_record
TN:
SF:components\common\MainMenuLinks.tsx
FN:20,(anonymous_0)
FN:34,(anonymous_1)
FNF:2
FNH:2
FNDA:3,(anonymous_0)
FNDA:18,(anonymous_1)
DA:20,1
DA:21,3
DA:23,3
DA:32,3
DA:35,18
LF:5
LH:5
BRDA:41,0,0,3
BRDA:41,0,1,15
BRF:2
BRH:2
end_of_record
TN:
SF:components\common\SideMenuHeader.tsx
FN:11,(anonymous_0)
FNF:1
FNH:1
FNDA:2,(anonymous_0)
DA:11,1
DA:12,2
DA:14,2
LF:3
LH:3
BRDA:25,0,0,2
BRDA:25,0,1,2
BRF:2
BRH:2
end_of_record
TN:
SF:components\layout\ClientLayout.tsx
FN:20,(anonymous_0)
FNF:1
FNH:0
FNDA:0,(anonymous_0)
DA:20,0
DA:21,0
DA:24,0
DA:26,0
DA:28,0
LF:5
LH:0
BRDA:24,0,0,0
BRDA:24,0,1,0
BRDA:26,1,0,0
BRDA:26,1,1,0
BRDA:30,2,0,0
BRDA:30,2,1,0
BRDA:32,3,0,0
BRDA:32,3,1,0
BRF:8
BRH:0
end_of_record
TN:
SF:components\layout\Footer.tsx
FN:4,(anonymous_0)
FNF:1
FNH:0
FNDA:0,(anonymous_0)
DA:4,0
DA:5,0
LF:2
LH:0
BRF:0
BRH:0
end_of_record
TN:
SF:components\layout\Navbar.tsx
FN:22,(anonymous_0)
FN:28,(anonymous_1)
FN:29,(anonymous_2)
FN:34,(anonymous_3)
FN:66,(anonymous_4)
FN:108,(anonymous_5)
FN:110,(anonymous_6)
FN:112,(anonymous_7)
FNF:8
FNH:4
FNDA:6,(anonymous_0)
FNDA:3,(anonymous_1)
FNDA:0,(anonymous_2)
FNDA:3,(anonymous_3)
FNDA:3,(anonymous_4)
FNDA:0,(anonymous_5)
FNDA:0,(anonymous_6)
FNDA:0,(anonymous_7)
DA:22,1
DA:23,6
DA:24,6
DA:25,6
DA:26,6
DA:28,6
DA:29,3
DA:30,0
DA:33,3
DA:34,3
DA:37,6
DA:43,6
DA:66,3
DA:108,0
DA:110,0
DA:112,0
LF:16
LH:12
BRDA:40,0,0,0
BRDA:40,0,1,6
BRDA:70,1,0,3
BRDA:70,1,1,3
BRDA:107,2,0,2
BRDA:107,2,1,4
BRDA:109,3,0,2
BRDA:109,3,1,2
BRF:8
BRH:7
end_of_record
TN:
SF:components\layout\NavbarLinks.tsx
FN:18,(anonymous_0)
FN:30,(anonymous_1)
FN:31,(anonymous_2)
FN:36,(anonymous_3)
FN:39,(anonymous_4)
FNF:5
FNH:4
FNDA:6,(anonymous_0)
FNDA:6,(anonymous_1)
FNDA:0,(anonymous_2)
FNDA:6,(anonymous_3)
FNDA:6,(anonymous_4)
DA:18,1
DA:19,6
DA:20,6
DA:21,6
DA:23,6
DA:24,6
DA:26,6
DA:27,6
DA:28,6
DA:30,6
DA:31,6
DA:32,0
DA:33,0
DA:36,6
DA:39,6
DA:40,6
DA:41,3
DA:71,3
DA:73,3
DA:90,6
LF:20
LH:18
BRDA:26,0,0,6
BRDA:26,0,1,4
BRDA:40,1,0,3
BRDA:40,1,1,3
BRDA:40,2,0,6
BRDA:40,2,1,3
BRDA:43,3,0,3
BRDA:43,3,1,2
BRDA:51,4,0,3
BRDA:51,4,1,2
BRDA:59,5,0,3
BRDA:59,5,1,2
BRDA:71,6,0,0
BRDA:71,6,1,3
BRDA:93,7,0,6
BRDA:93,7,1,0
BRDA:94,8,0,0
BRDA:94,8,1,6
BRF:18
BRH:15
end_of_record
TN:
SF:components\shared\DashboardHeader.tsx
FN:23,(anonymous_0)
FNF:1
FNH:1
FNDA:2,(anonymous_0)
DA:23,1
DA:28,2
DA:30,2
LF:3
LH:3
BRDA:24,0,0,1
BRDA:26,1,0,1
BRDA:47,2,0,2
BRDA:47,2,1,1
BRDA:47,3,0,1
BRDA:47,3,1,0
BRF:6
BRH:5
end_of_record
TN:
SF:components\shared\ProfileForm.tsx
FN:24,(anonymous_0)
FN:39,(anonymous_1)
FN:46,(anonymous_2)
FN:109,(anonymous_3)
FN:126,(anonymous_4)
FN:144,(anonymous_5)
FN:150,(anonymous_6)
FNF:7
FNH:4
FNDA:12,(anonymous_0)
FNDA:4,(anonymous_1)
FNDA:3,(anonymous_2)
FNDA:0,(anonymous_3)
FNDA:1,(anonymous_4)
FNDA:0,(anonymous_5)
FNDA:0,(anonymous_6)
DA:24,1
DA:28,12
DA:30,12
DA:31,12
DA:32,12
DA:33,12
DA:34,12
DA:35,12
DA:36,12
DA:39,12
DA:40,4
DA:41,4
DA:42,4
DA:46,12
DA:47,3
DA:48,3
DA:49,3
DA:51,3
DA:52,1
DA:55,3
DA:56,3
DA:57,0
DA:58,3
DA:59,1
DA:63,3
DA:64,3
DA:67,3
DA:68,3
DA:69,3
DA:72,0
DA:73,0
DA:75,0
DA:76,0
DA:82,0
DA:83,0
DA:84,0
DA:85,0
DA:87,0
DA:89,0
DA:93,12
DA:109,0
DA:126,1
DA:144,0
DA:150,0
LF:44
LH:30
BRDA:25,0,0,12
BRDA:26,1,0,12
BRDA:40,2,0,4
BRDA:40,2,1,0
BRDA:41,3,0,4
BRDA:41,3,1,1
BRDA:42,4,0,4
BRDA:42,4,1,1
BRDA:51,5,0,1
BRDA:51,5,1,2
BRDA:55,6,0,3
BRDA:55,6,1,0
BRDA:55,7,0,3
BRDA:55,7,1,3
BRDA:56,8,0,0
BRDA:56,8,1,3
BRDA:58,9,0,1
BRDA:58,9,1,2
BRDA:58,10,0,3
BRDA:58,10,1,2
BRDA:63,11,0,3
BRDA:63,11,1,0
BRDA:67,12,0,3
BRDA:67,12,1,0
BRDA:87,13,0,0
BRDA:87,13,1,0
BRDA:98,14,0,12
BRDA:98,14,1,0
BRDA:99,15,0,12
BRDA:99,15,1,0
BRDA:113,16,0,12
BRDA:113,16,1,1
BRDA:119,17,0,12
BRDA:119,17,1,12
BRDA:131,18,0,12
BRDA:131,18,1,1
BRDA:142,19,0,0
BRDA:142,19,1,12
BRDA:154,20,0,0
BRDA:154,20,1,12
BRDA:156,21,0,12
BRDA:156,21,1,3
BRDA:171,22,0,0
BRDA:171,22,1,12
BRF:44
BRH:32
end_of_record
TN:
SF:components\shared\ProfileView.tsx
FN:24,(anonymous_0)
FNF:1
FNH:1
FNDA:3,(anonymous_0)
DA:24,2
DA:30,3
DA:32,3
DA:34,3
LF:4
LH:4
BRDA:25,0,0,2
BRDA:26,1,0,2
BRDA:27,2,0,2
BRDA:28,3,0,0
BRDA:32,4,0,3
BRDA:32,4,1,0
BRDA:46,5,0,3
BRDA:46,5,1,3
BRDA:55,6,0,3
BRDA:55,6,1,3
BRDA:60,7,0,3
BRDA:60,7,1,3
BRDA:60,7,2,3
BRF:13
BRH:11
end_of_record
TN:
SF:components\sideMenus\AdminSideMenu.tsx
FN:24,(anonymous_0)
FN:34,(anonymous_1)
FN:100,(anonymous_2)
FNF:3
FNH:1
FNDA:2,(anonymous_0)
FNDA:0,(anonymous_1)
FNDA:0,(anonymous_2)
DA:24,1
DA:25,2
DA:26,2
DA:28,2
DA:30,1
DA:34,0
DA:101,0
DA:102,0
LF:8
LH:5
BRDA:28,0,0,1
BRDA:28,0,1,1
BRDA:55,1,0,1
BRDA:55,1,1,0
BRDA:65,2,0,0
BRDA:65,2,1,1
BRDA:75,3,0,0
BRDA:75,3,1,1
BRDA:85,4,0,0
BRDA:85,4,1,1
BRF:10
BRH:6
end_of_record
TN:
SF:components\sideMenus\SideMenu.tsx
FN:23,(anonymous_0)
FN:32,(anonymous_1)
FNF:2
FNH:1
FNDA:2,(anonymous_0)
FNDA:0,(anonymous_1)
DA:23,1
DA:24,2
DA:26,2
DA:28,1
DA:32,0
LF:5
LH:4
BRDA:26,0,0,1
BRDA:26,0,1,1
BRF:2
BRH:2
end_of_record
TN:
SF:components\sideMenus\SideMenuAuthSection.tsx
FN:13,(anonymous_0)
FN:45,(anonymous_1)
FNF:2
FNH:2
FNDA:3,(anonymous_0)
FNDA:1,(anonymous_1)
DA:13,1
DA:14,3
DA:15,3
DA:17,3
DA:18,3
DA:20,3
DA:21,1
DA:42,2
DA:46,1
DA:47,1
LF:10
LH:10
BRDA:20,0,0,1
BRDA:20,0,1,2
BRDA:23,1,0,1
BRDA:23,1,1,1
BRDA:31,2,0,1
BRDA:31,2,1,1
BRF:6
BRH:6
end_of_record
TN:
SF:components\sideMenus\UserSideMenu.tsx
FN:26,(anonymous_0)
FN:38,(anonymous_1)
FN:78,(anonymous_2)
FN:90,(anonymous_3)
FN:104,(anonymous_4)
FNF:5
FNH:1
FNDA:2,(anonymous_0)
FNDA:0,(anonymous_1)
FNDA:0,(anonymous_2)
FNDA:0,(anonymous_3)
FNDA:0,(anonymous_4)
DA:26,1
DA:27,2
DA:28,2
DA:29,2
DA:31,2
DA:33,1
DA:38,0
DA:79,0
DA:80,0
DA:91,0
DA:92,0
DA:104,0
LF:12
LH:6
BRDA:31,0,0,1
BRDA:31,0,1,1
BRDA:53,1,0,0
BRDA:53,1,1,1
BRDA:63,2,0,1
BRDA:63,2,1,0
BRF:6
BRH:4
end_of_record
TN:
SF:components\ui\Button.tsx
FN:17,(anonymous_0)
FNF:1
FNH:1
FNDA:27,(anonymous_0)
DA:17,7
DA:27,27
DA:29,27
DA:40,27
DA:46,27
LF:5
LH:5
BRDA:19,0,0,3
BRDA:20,1,0,19
BRDA:22,2,0,7
BRDA:23,3,0,12
BRDA:24,4,0,14
BRF:5
BRH:5
end_of_record
TN:
SF:components\ui\Card.tsx
FN:18,(anonymous_0)
FNF:1
FNH:1
FNDA:3,(anonymous_0)
DA:18,1
DA:19,3
LF:2
LH:2
BRDA:18,0,0,2
BRF:1
BRH:1
end_of_record
TN:
SF:components\ui\ImageUpload.tsx
FN:23,(anonymous_0)
FN:34,(anonymous_1)
FN:41,(anonymous_2)
FN:49,(anonymous_3)
FN:55,(anonymous_4)
FN:63,(anonymous_5)
FN:68,(anonymous_6)
FN:72,(anonymous_7)
FN:93,(anonymous_8)
FN:108,(anonymous_9)
FNF:10
FNH:5
FNDA:5,(anonymous_0)
FNDA:2,(anonymous_1)
FNDA:1,(anonymous_2)
FNDA:1,(anonymous_3)
FNDA:0,(anonymous_4)
FNDA:0,(anonymous_5)
FNDA:0,(anonymous_6)
FNDA:1,(anonymous_7)
FNDA:0,(anonymous_8)
FNDA:0,(anonymous_9)
DA:23,2
DA:24,5
DA:25,5
DA:26,5
DA:27,5
DA:28,5
DA:29,5
DA:30,5
DA:32,5
DA:34,5
DA:35,2
DA:36,0
DA:37,0
DA:41,5
DA:42,1
DA:43,1
DA:44,1
DA:45,1
DA:46,1
DA:49,5
DA:50,1
DA:51,1
DA:55,5
DA:56,0
DA:57,0
DA:58,0
DA:59,0
DA:63,5
DA:64,0
DA:65,0
DA:68,5
DA:69,0
DA:72,5
DA:73,1
DA:75,1
DA:76,1
DA:78,1
DA:79,1
DA:80,1
DA:81,1
DA:82,1
DA:83,1
DA:84,1
DA:86,0
DA:87,0
DA:89,1
DA:93,5
DA:94,0
DA:95,0
DA:96,0
DA:97,0
DA:98,0
DA:99,0
DA:102,5
DA:108,0
LF:55
LH:37
BRDA:35,0,0,0
BRDA:35,0,1,2
BRDA:50,1,0,1
BRDA:50,1,1,0
BRDA:50,2,0,1
BRDA:50,2,1,1
BRDA:58,3,0,0
BRDA:58,3,1,0
BRDA:58,4,0,0
BRDA:58,4,1,0
BRDA:73,5,0,0
BRDA:73,5,1,1
BRDA:73,6,0,1
BRDA:73,6,1,1
BRDA:104,7,0,5
BRDA:104,7,1,2
BRDA:107,8,0,0
BRDA:107,8,1,2
BRDA:128,9,0,5
BRDA:128,9,1,3
BRDA:135,10,0,3
BRDA:135,10,1,2
BRDA:142,11,0,1
BRDA:142,11,1,1
BRDA:145,12,0,3
BRDA:145,12,1,1
BRDA:157,13,0,5
BRDA:157,13,1,0
BRDA:158,14,0,5
BRDA:158,14,1,1
BRF:30
BRH:21
end_of_record
TN:
SF:components\ui\Input.tsx
FN:18,(anonymous_0)
FNF:1
FNH:1
FNDA:40,(anonymous_0)
DA:18,3
DA:25,40
DA:27,40
LF:3
LH:3
BRDA:25,0,0,40
BRDA:25,0,1,40
BRDA:29,1,0,40
BRDA:29,1,1,40
BRDA:41,2,0,40
BRDA:41,2,1,40
BRDA:44,3,0,40
BRDA:44,3,1,1
BRF:8
BRH:8
end_of_record
TN:
SF:components\user\DeleteAccountModal.tsx
FN:21,(anonymous_0)
FN:27,(anonymous_1)
FNF:2
FNH:2
FNDA:5,(anonymous_0)
FNDA:2,(anonymous_1)
DA:21,1
DA:22,5
DA:23,5
DA:25,5
DA:27,4
DA:28,2
DA:29,2
DA:30,1
DA:31,1
DA:32,1
DA:34,1
DA:38,4
LF:12
LH:12
BRDA:25,0,0,1
BRDA:25,0,1,4
BRDA:34,1,0,1
BRDA:34,1,1,0
BRF:4
BRH:3
end_of_record
TN:
SF:constants\privateRoutes.ts
FNF:0
FNH:0
DA:4,0
LF:1
LH:0
BRF:0
BRH:0
end_of_record
TN:
SF:constants\publicRoutes.ts
FN:16,(anonymous_0)
FNF:1
FNH:1
FNDA:6,(anonymous_0)
DA:5,1
DA:16,1
DA:17,6
DA:18,2
DA:19,2
LF:5
LH:5
BRDA:17,0,0,4
BRDA:17,0,1,2
BRDA:18,1,0,0
BRDA:18,1,1,2
BRF:4
BRH:3
end_of_record
TN:
SF:contexts\AuthContext.tsx
FN:57,(anonymous_0)
FN:64,(anonymous_1)
FN:86,(anonymous_2)
FN:89,(anonymous_3)
FN:96,(anonymous_4)
FN:101,(anonymous_5)
FN:127,(anonymous_6)
FN:152,(anonymous_7)
FN:165,(anonymous_8)
FN:200,(anonymous_9)
FNF:10
FNH:0
FNDA:0,(anonymous_0)
FNDA:0,(anonymous_1)
FNDA:0,(anonymous_2)
FNDA:0,(anonymous_3)
FNDA:0,(anonymous_4)
FNDA:0,(anonymous_5)
FNDA:0,(anonymous_6)
FNDA:0,(anonymous_7)
FNDA:0,(anonymous_8)
FNDA:0,(anonymous_9)
DA:51,0
DA:57,0
DA:58,0
DA:59,0
DA:60,0
DA:61,0
DA:62,0
DA:64,0
DA:65,0
DA:66,0
DA:67,0
DA:69,0
DA:70,0
DA:71,0
DA:73,0
DA:76,0
DA:77,0
DA:78,0
DA:79,0
DA:81,0
DA:82,0
DA:86,0
DA:87,0
DA:89,0
DA:90,0
DA:91,0
DA:95,0
DA:96,0
DA:97,0
DA:101,0
DA:102,0
DA:103,0
DA:105,0
DA:106,0
DA:107,0
DA:108,0
DA:110,0
DA:111,0
DA:113,0
DA:116,0
DA:119,0
DA:120,0
DA:121,0
DA:123,0
DA:127,0
DA:132,0
DA:133,0
DA:135,0
DA:136,0
DA:137,0
DA:141,0
DA:144,0
DA:145,0
DA:146,0
DA:148,0
DA:152,0
DA:153,0
DA:154,0
DA:156,0
DA:159,0
DA:160,0
DA:161,0
DA:162,0
DA:165,0
DA:166,0
DA:167,0
DA:174,0
DA:175,0
DA:178,0
DA:179,0
DA:180,0
DA:182,0
DA:186,0
DA:197,0
DA:200,0
DA:201,0
DA:202,0
DA:203,0
DA:205,0
LF:79
LH:0
BRDA:69,0,0,0
BRDA:69,0,1,0
BRDA:90,1,0,0
BRDA:90,1,1,0
BRDA:90,2,0,0
BRDA:90,2,1,0
BRDA:110,3,0,0
BRDA:110,3,1,0
BRDA:119,4,0,0
BRDA:119,4,1,0
BRDA:144,5,0,0
BRDA:144,5,1,0
BRDA:174,6,0,0
BRDA:174,6,1,0
BRDA:190,7,0,0
BRDA:190,7,1,0
BRDA:202,8,0,0
BRDA:202,8,1,0
BRF:18
BRH:0
end_of_record
TN:
SF:hooks\useArticle.ts
FN:5,(anonymous_0)
FN:14,(anonymous_1)
FN:16,(anonymous_2)
FNF:3
FNH:0
FNDA:0,(anonymous_0)
FNDA:0,(anonymous_1)
FNDA:0,(anonymous_2)
DA:5,0
DA:6,0
DA:7,0
DA:8,0
DA:9,0
DA:12,0
DA:14,0
DA:15,0
DA:16,0
DA:17,0
DA:18,0
DA:19,0
DA:21,0
DA:23,0
DA:27,0
DA:31,0
LF:16
LH:0
BRDA:12,0,0,0
BRDA:12,0,1,0
BRDA:15,1,0,0
BRDA:15,1,1,0
BRF:4
BRH:0
end_of_record
TN:
SF:hooks\useAuth.ts
FN:12,useAuth
FNF:1
FNH:0
FNDA:0,useAuth
DA:13,0
LF:1
LH:0
BRF:0
BRH:0
end_of_record
TN:
SF:hooks\useStaticArticles.ts
FN:13,(anonymous_0)
FN:18,(anonymous_1)
FN:19,(anonymous_2)
FNF:3
FNH:0
FNDA:0,(anonymous_0)
FNDA:0,(anonymous_1)
FNDA:0,(anonymous_2)
DA:13,0
DA:14,0
DA:15,0
DA:16,0
DA:18,0
DA:19,0
DA:20,0
DA:21,0
DA:22,0
DA:23,0
DA:24,0
DA:26,0
DA:27,0
DA:29,0
DA:33,0
DA:36,0
LF:16
LH:0
BRDA:26,0,0,0
BRDA:26,0,1,0
BRF:2
BRH:0
end_of_record
TN:
SF:lib\blogService.ts
FN:48,getArticles
FN:89,getArticleBySlug
FN:111,getRelatedArticles
FN:130,getFeaturedArticles
FN:150,getArticleTitles
FN:157,(anonymous_5)
FN:176,getStaticArticles
FN:185,(anonymous_7)
FN:198,deleteArticleBySlug
FN:224,updateArticleBySlug
FN:248,createArticle
FNF:11
FNH:2
FNDA:0,getArticles
FNDA:0,getArticleBySlug
FNDA:0,getRelatedArticles
FNDA:0,getFeaturedArticles
FNDA:1,getArticleTitles
FNDA:3,(anonymous_5)
FNDA:0,getStaticArticles
FNDA:0,(anonymous_7)
FNDA:0,deleteArticleBySlug
FNDA:0,updateArticleBySlug
FNDA:0,createArticle
DA:14,1
DA:54,0
DA:55,0
DA:56,0
DA:57,0
DA:59,0
DA:60,0
DA:62,0
DA:64,0
DA:65,0
DA:68,0
DA:69,0
DA:76,0
DA:77,0
DA:90,0
DA:91,0
DA:93,0
DA:94,0
DA:95,0
DA:97,0
DA:100,0
DA:101,0
DA:103,0
DA:104,0
DA:112,0
DA:113,0
DA:115,0
DA:116,0
DA:119,0
DA:120,0
DA:122,0
DA:123,0
DA:131,0
DA:132,0
DA:134,0
DA:135,0
DA:138,0
DA:139,0
DA:141,0
DA:142,0
DA:151,1
DA:152,1
DA:153,1
DA:156,1
DA:157,3
DA:162,0
DA:163,0
DA:166,0
DA:167,0
DA:177,0
DA:178,0
DA:180,0
DA:181,0
DA:184,0
DA:185,0
DA:190,0
DA:191,0
DA:199,0
DA:200,0
DA:204,0
DA:205,0
DA:208,0
DA:209,0
DA:225,0
DA:233,0
DA:234,0
DA:235,0
DA:249,0
DA:255,0
DA:256,0
DA:257,0
LF:71
LH:6
BRDA:14,0,0,1
BRDA:14,0,1,0
BRDA:48,1,0,0
BRDA:49,2,0,0
BRDA:50,3,0,0
BRDA:59,4,0,0
BRDA:59,4,1,0
BRDA:60,5,0,0
BRDA:60,5,1,0
BRDA:64,6,0,0
BRDA:64,6,1,0
BRDA:70,7,0,0
BRDA:70,7,1,0
BRDA:71,8,0,0
BRDA:71,8,1,0
BRDA:72,9,0,0
BRDA:72,9,1,0
BRDA:73,10,0,0
BRDA:73,10,1,0
BRDA:93,11,0,0
BRDA:93,11,1,0
BRDA:94,12,0,0
BRDA:94,12,1,0
BRDA:111,13,0,0
BRDA:115,14,0,0
BRDA:115,14,1,0
BRDA:120,15,0,0
BRDA:120,15,1,0
BRDA:130,16,0,0
BRDA:134,17,0,0
BRDA:134,17,1,0
BRDA:139,18,0,0
BRDA:139,18,1,0
BRDA:156,19,0,1
BRDA:156,19,1,0
BRDA:180,20,0,0
BRDA:180,20,1,0
BRDA:204,21,0,0
BRDA:204,21,1,0
BRDA:233,22,0,0
BRDA:233,22,1,0
BRDA:235,23,0,0
BRDA:235,23,1,0
BRDA:255,24,0,0
BRDA:255,24,1,0
BRDA:257,25,0,0
BRDA:257,25,1,0
BRF:47
BRH:2
end_of_record
TN:
SF:lib\utils.ts
FN:4,cn
FNF:1
FNH:0
FNDA:0,cn
DA:5,0
LF:1
LH:0
BRF:0
BRH:0
end_of_record
TN:
SF:lib\api\authService.ts
FN:20,(anonymous_0)
FN:44,(anonymous_1)
FN:73,(anonymous_2)
FN:93,(anonymous_3)
FNF:4
FNH:0
FNDA:0,(anonymous_0)
FNDA:0,(anonymous_1)
FNDA:0,(anonymous_2)
FNDA:0,(anonymous_3)
DA:9,0
DA:11,0
DA:12,0
DA:15,0
DA:25,0
DA:31,0
DA:33,0
DA:34,0
DA:37,0
DA:45,0
DA:52,0
DA:53,0
DA:55,0
DA:56,0
DA:58,0
DA:59,0
DA:62,0
DA:63,0
DA:66,0
DA:74,0
DA:75,0
DA:80,0
DA:81,0
DA:82,0
DA:85,0
DA:94,0
DA:98,0
DA:100,0
DA:101,0
DA:104,0
LF:30
LH:0
BRDA:11,0,0,0
BRDA:11,0,1,0
BRDA:33,1,0,0
BRDA:33,1,1,0
BRDA:34,2,0,0
BRDA:34,2,1,0
BRDA:56,3,0,0
BRDA:56,3,1,0
BRDA:62,4,0,0
BRDA:62,4,1,0
BRDA:63,5,0,0
BRDA:63,5,1,0
BRDA:80,6,0,0
BRDA:80,6,1,0
BRDA:82,7,0,0
BRDA:82,7,1,0
BRDA:100,8,0,0
BRDA:100,8,1,0
BRDA:101,9,0,0
BRDA:101,9,1,0
BRF:20
BRH:0
end_of_record
TN:
SF:lib\api\imageService.ts
FN:16,uploadImage
FNF:1
FNH:1
FNDA:1,uploadImage
DA:17,1
DA:22,1
DA:23,0
DA:26,1
DA:27,1
LF:5
LH:4
BRDA:22,0,0,0
BRDA:22,0,1,1
BRF:2
BRH:1
end_of_record
TN:
SF:lib\api\userService.ts
FN:23,(anonymous_0)
FN:42,(anonymous_1)
FN:57,(anonymous_2)
FN:85,(anonymous_3)
FN:101,(anonymous_4)
FNF:5
FNH:0
FNDA:0,(anonymous_0)
FNDA:0,(anonymous_1)
FNDA:0,(anonymous_2)
FNDA:0,(anonymous_3)
FNDA:0,(anonymous_4)
DA:12,0
DA:14,0
DA:15,0
DA:18,0
DA:28,0
DA:33,0
DA:34,0
DA:35,0
DA:43,0
DA:48,0
DA:49,0
DA:50,0
DA:58,0
DA:64,0
DA:67,0
DA:68,0
DA:70,0
DA:71,0
DA:74,0
DA:75,0
DA:78,0
DA:86,0
DA:92,0
DA:93,0
DA:94,0
DA:102,0
DA:106,0
DA:107,0
DA:108,0
LF:29
LH:0
BRDA:14,0,0,0
BRDA:14,0,1,0
BRDA:34,1,0,0
BRDA:34,1,1,0
BRDA:34,2,0,0
BRDA:34,2,1,0
BRDA:49,3,0,0
BRDA:49,3,1,0
BRDA:49,4,0,0
BRDA:49,4,1,0
BRDA:68,5,0,0
BRDA:68,5,1,0
BRDA:74,6,0,0
BRDA:74,6,1,0
BRDA:75,7,0,0
BRDA:75,7,1,0
BRDA:93,8,0,0
BRDA:93,8,1,0
BRDA:93,9,0,0
BRDA:93,9,1,0
BRDA:106,10,0,0
BRDA:106,10,1,0
BRDA:108,11,0,0
BRDA:108,11,1,0
BRF:24
BRH:0
end_of_record
TN:
SF:lib\utils\fetchWithAuth.ts
FN:16,(anonymous_0)
FN:39,(anonymous_1)
FNF:2
FNH:2
FNDA:1,(anonymous_0)
FNDA:1,(anonymous_1)
DA:16,2
DA:17,1
DA:18,1
DA:19,1
DA:21,1
DA:22,1
DA:23,1
DA:24,0
DA:28,1
DA:39,2
DA:43,1
DA:44,1
DA:45,1
DA:47,1
DA:49,1
DA:55,1
DA:61,1
DA:62,1
DA:64,1
DA:65,1
DA:68,0
DA:71,0
DA:73,0
DA:85,0
DA:86,0
DA:87,0
DA:88,0
DA:89,0
DA:90,0
DA:94,0
DA:96,0
DA:97,0
LF:32
LH:19
BRDA:18,0,0,0
BRDA:18,0,1,1
BRDA:23,1,0,0
BRDA:23,1,1,1
BRDA:41,2,0,0
BRDA:43,3,0,1
BRDA:43,3,1,0
BRDA:50,4,0,1
BRDA:50,4,1,1
BRDA:51,5,0,1
BRDA:51,5,1,1
BRDA:64,6,0,1
BRDA:64,6,1,0
BRDA:64,7,0,1
BRDA:64,7,1,0
BRDA:85,8,0,0
BRDA:85,8,1,0
BRF:17
BRH:9
end_of_record
TN:
SF:lib\utils\string-utils.ts
FN:19,(anonymous_0)
FNF:1
FNH:0
FNDA:0,(anonymous_0)
DA:19,0
DA:20,0
LF:2
LH:0
BRF:0
BRH:0
end_of_record
TN:
SF:types\blog.ts
FNF:0
FNH:0
LF:0
LH:0
BRF:0
BRH:0
end_of_record
TN:
SF:types\index.ts
FNF:0
FNH:0
LF:0
LH:0
BRF:0
BRH:0
end_of_record
